0.8970 	WARNING 	We strongly recommend you activate the PTB sound engine in PsychoPy prefs as the preferred audio engine. Its timing is vastly superior. Your prefs are currently set to use ['sounddevice', 'PTB', 'pyo', 'pygame'] (in that order).
5.0737 	WARNING 	User requested fullscreen with size [1024  768], but screen is actually [2560, 1440]. Using actual size
5.6179 	EXP 	Created window1 = Window(allowGUI=False, allowStencil=False, autoLog=True, backendConf=UNKNOWN, bitsMode=UNKNOWN, blendMode='avg', bpc=(8, 8, 8), color=array([0, 0, 0]), colorSpace='rgb', depthBits=8, fullscr=<method-wrapper '__getattribute__' of attributeSetter object at 0x7fba3b670a90>, gamma=None, gammaErrorPolicy='raise', lms=UNKNOWN, monitor=<psychopy.monitors.calibTools.Monitor object at 0x7fba4898d780>, multiSample=False, name='window1', numSamples=2, pos=[640.0, 360.0], screen=0, size=array([5120, 2880]), stencilBits=0, stereo=False, units='height', useFBO=True, useRetina=True, viewOri=0.0, viewPos=None, viewScale=None, waitBlanking=True, winType='pyglet')
5.6180 	EXP 	window1: mouseVisible = True
5.6180 	EXP 	window1: recordFrameIntervals = False
5.7844 	EXP 	window1: recordFrameIntervals = True
5.9676 	EXP 	window1: recordFrameIntervals = False
6.2919 	EXP 	Created text = TextStim(__class__=<class 'psychopy.visual.text.TextStim'>, alignHoriz=method-wrapper(...), alignText='center', alignVert=method-wrapper(...), anchorHoriz='center', anchorVert='center', antialias=True, autoLog=True, bold=False, color=array([1., 1., 1.]), colorSpace='rgb', contrast=1.0, depth=0.0, flipHoriz=False, flipVert=False, font='Open Sans', fontFiles=[], height=0.0005, italic=False, languageStyle='LTR', name='text', opacity=1, ori=0.0, pos=array([0., 0.]), rgb=UNKNOWN, text='', units='height', win=Window(...), wrapWidth=1)
8.3577 	EXP 	Created polygon = ShapeStim(__class__=<class 'psychopy.visual.shape.ShapeStim'>, autoDraw=False, autoLog=True, closeShape=True, color=method-wrapper(...), colorSpace='rgb', contrast=None, depth=0.0, fillColor=array([1, 1, 1]), fillColorSpace='rgb', fillRGB=array([1, 1, 1]), interpolate=True, lineColor=array([1., 1., 1.]), lineColorSpace='rgb', lineRGB=array([1, 1, 1]), lineWidth=0.3, name='polygon', opacity=1, ori=0.0, pos=array([0., 0.]), size=array([0.1, 0.1]), units='height', vertices=ndarray(...), win=Window(...), windingRule=None)
8.7354 	EXP 	Sound sound_1 set volume 1.000
8.7375 	EXP 	Created polygon_3 = ShapeStim(__class__=<class 'psychopy.visual.shape.ShapeStim'>, autoDraw=False, autoLog=True, closeShape=True, color=method-wrapper(...), colorSpace='rgb', contrast=None, depth=0.0, fillColor=array([1, 1, 1]), fillColorSpace='rgb', fillRGB=array([1, 1, 1]), interpolate=True, lineColor=array([1., 1., 1.]), lineColorSpace='rgb', lineRGB=array([1, 1, 1]), lineWidth=1.0, name='polygon_3', opacity=1, ori=0.0, pos=array([0., 0.]), size=array([0.1, 0.1]), units='height', vertices=ndarray(...), win=Window(...), windingRule=None)
8.7432 	EXP 	Sound sound_2 set volume 1.000
8.7453 	EXP 	Created polygon_4 = ShapeStim(__class__=<class 'psychopy.visual.shape.ShapeStim'>, autoDraw=False, autoLog=True, closeShape=True, color=method-wrapper(...), colorSpace='rgb', contrast=None, depth=0.0, fillColor=array([1, 1, 1]), fillColorSpace='rgb', fillRGB=array([1, 1, 1]), interpolate=True, lineColor=array([1., 1., 1.]), lineColorSpace='rgb', lineRGB=array([1, 1, 1]), lineWidth=1.0, name='polygon_4', opacity=1, ori=0.0, pos=array([0., 0.]), size=array([0.1, 0.1]), units='height', vertices=ndarray(...), win=Window(...), windingRule=None)
8.7453 	EXP 	Sound sound_3 set volume 1.000
8.7472 	EXP 	Created polygon_2 = ShapeStim(__class__=<class 'psychopy.visual.shape.ShapeStim'>, autoDraw=False, autoLog=True, closeShape=True, color=method-wrapper(...), colorSpace='rgb', contrast=None, depth=0.0, fillColor=array([1, 1, 1]), fillColorSpace='rgb', fillRGB=array([1, 1, 1]), interpolate=True, lineColor=array([1., 1., 1.]), lineColorSpace='rgb', lineRGB=array([1, 1, 1]), lineWidth=1.0, name='polygon_2', opacity=1, ori=0.0, pos=array([0., 0.]), size=array([0.1, 0.1]), units='height', vertices=ndarray(...), win=Window(...), windingRule=None)
8.7769 	EXP 	Sound sound_4 set volume 1.000
8.7789 	EXP 	Created polygon_5 = ShapeStim(__class__=<class 'psychopy.visual.shape.ShapeStim'>, autoDraw=False, autoLog=True, closeShape=True, color=method-wrapper(...), colorSpace='rgb', contrast=None, depth=-1.0, fillColor=array([1, 1, 1]), fillColorSpace='rgb', fillRGB=array([1, 1, 1]), interpolate=True, lineColor=array([1., 1., 1.]), lineColorSpace='rgb', lineRGB=array([1, 1, 1]), lineWidth=1.0, name='polygon_5', opacity=1, ori=0.0, pos=array([0., 0.]), size=array([0.1, 0.1]), units='height', vertices=ndarray(...), win=Window(...), windingRule=None)
8.7789 	EXP 	Sound sound_5 set volume 1.000
8.8168 	EXP 	Created text_2 = TextStim(__class__=<class 'psychopy.visual.text.TextStim'>, alignHoriz=method-wrapper(...), alignText='center', alignVert=method-wrapper(...), anchorHoriz='center', anchorVert='center', antialias=True, autoLog=True, bold=False, color=array([1., 1., 1.]), colorSpace='rgb', contrast=1.0, depth=0.0, flipHoriz=False, flipVert=False, font='Open Sans', fontFiles=[], height=0.1, italic=False, languageStyle='LTR', name='text_2', opacity=1, ori=0.0, pos=array([0., 0.]), rgb=UNKNOWN, text=str(...), units='height', win=Window(...), wrapWidth=1)
8.8460 	EXP 	Created polygon_6 = ShapeStim(__class__=<class 'psychopy.visual.shape.ShapeStim'>, autoDraw=False, autoLog=True, closeShape=True, color=method-wrapper(...), colorSpace='rgb', contrast=None, depth=0.0, fillColor=array([1, 1, 1]), fillColorSpace='rgb', fillRGB=array([1, 1, 1]), interpolate=True, lineColor=array([1., 1., 1.]), lineColorSpace='rgb', lineRGB=array([1, 1, 1]), lineWidth=1.0, name='polygon_6', opacity=1, ori=0.0, pos=array([0., 0.]), size=array([0.1, 0.1]), units='height', vertices=ndarray(...), win=Window(...), windingRule=None)
8.8465 	EXP 	Sound sound_6 set volume 1.000
8.8485 	EXP 	Created polygon_7 = ShapeStim(__class__=<class 'psychopy.visual.shape.ShapeStim'>, autoDraw=False, autoLog=True, closeShape=True, color=method-wrapper(...), colorSpace='rgb', contrast=None, depth=0.0, fillColor=array([1, 1, 1]), fillColorSpace='rgb', fillRGB=array([1, 1, 1]), interpolate=True, lineColor=array([1., 1., 1.]), lineColorSpace='rgb', lineRGB=array([1, 1, 1]), lineWidth=1.0, name='polygon_7', opacity=1, ori=0.0, pos=array([0., 0.]), size=array([0.1, 0.1]), units='height', vertices=ndarray(...), win=Window(...), windingRule=None)
8.8489 	EXP 	Sound sound_7 set volume 1.000
8.8508 	EXP 	Created polygon_8 = ShapeStim(__class__=<class 'psychopy.visual.shape.ShapeStim'>, autoDraw=False, autoLog=True, closeShape=True, color=method-wrapper(...), colorSpace='rgb', contrast=None, depth=0.0, fillColor=array([1, 1, 1]), fillColorSpace='rgb', fillRGB=array([1, 1, 1]), interpolate=True, lineColor=array([1., 1., 1.]), lineColorSpace='rgb', lineRGB=array([1, 1, 1]), lineWidth=1.0, name='polygon_8', opacity=1, ori=0.0, pos=array([0., 0.]), size=array([0.1, 0.1]), units='height', vertices=ndarray(...), win=Window(...), windingRule=None)
8.8509 	EXP 	Sound sound_8 set volume 1.000
8.8530 	EXP 	Created polygon_9 = ShapeStim(__class__=<class 'psychopy.visual.shape.ShapeStim'>, autoDraw=False, autoLog=True, closeShape=True, color=method-wrapper(...), colorSpace='rgb', contrast=None, depth=0.0, fillColor=array([1, 1, 1]), fillColorSpace='rgb', fillRGB=array([1, 1, 1]), interpolate=True, lineColor=array([1., 1., 1.]), lineColorSpace='rgb', lineRGB=array([1, 1, 1]), lineWidth=1.0, name='polygon_9', opacity=1, ori=0.0, pos=array([0., 0.]), size=array([0.1, 0.1]), units='height', vertices=ndarray(...), win=Window(...), windingRule=None)
8.8799 	EXP 	Sound sound_9 set volume 1.000
8.8820 	EXP 	Created polygon_24 = ShapeStim(__class__=<class 'psychopy.visual.shape.ShapeStim'>, autoDraw=False, autoLog=True, closeShape=True, color=method-wrapper(...), colorSpace='rgb', contrast=None, depth=0.0, fillColor=array([1, 1, 1]), fillColorSpace='rgb', fillRGB=array([1, 1, 1]), interpolate=True, lineColor=array([1., 1., 1.]), lineColorSpace='rgb', lineRGB=array([1, 1, 1]), lineWidth=1.0, name='polygon_24', opacity=1, ori=0.0, pos=array([0., 0.]), size=array([0.1, 0.1]), units='height', vertices=ndarray(...), win=Window(...), windingRule=None)
8.8821 	EXP 	Sound sound_24 set volume 1.000
8.8880 	EXP 	Created text_2 = TextStim(__class__=<class 'psychopy.visual.text.TextStim'>, alignHoriz=method-wrapper(...), alignText='center', alignVert=method-wrapper(...), anchorHoriz='center', anchorVert='center', antialias=True, autoLog=True, bold=False, color=array([1., 1., 1.]), colorSpace='rgb', contrast=1.0, depth=0.0, flipHoriz=False, flipVert=False, font='Open Sans', fontFiles=[], height=0.1, italic=False, languageStyle='LTR', name='text_2', opacity=1, ori=0.0, pos=array([0., 0.]), rgb=UNKNOWN, text=str(...), units='height', win=Window(...), wrapWidth=1)
8.9168 	EXP 	Created polygon_10 = ShapeStim(__class__=<class 'psychopy.visual.shape.ShapeStim'>, autoDraw=False, autoLog=True, closeShape=True, color=method-wrapper(...), colorSpace='rgb', contrast=None, depth=0.0, fillColor=array([1, 1, 1]), fillColorSpace='rgb', fillRGB=array([1, 1, 1]), interpolate=True, lineColor=array([1., 1., 1.]), lineColorSpace='rgb', lineRGB=array([1, 1, 1]), lineWidth=1.0, name='polygon_10', opacity=1, ori=0.0, pos=array([0., 0.]), size=array([0.1, 0.1]), units='height', vertices=ndarray(...), win=Window(...), windingRule=None)
8.9172 	EXP 	Sound sound_10 set volume 1.000
8.9193 	EXP 	Created polygon_11 = ShapeStim(__class__=<class 'psychopy.visual.shape.ShapeStim'>, autoDraw=False, autoLog=True, closeShape=True, color=method-wrapper(...), colorSpace='rgb', contrast=None, depth=0.0, fillColor=array([1, 1, 1]), fillColorSpace='rgb', fillRGB=array([1, 1, 1]), interpolate=True, lineColor=array([1., 1., 1.]), lineColorSpace='rgb', lineRGB=array([1, 1, 1]), lineWidth=1.0, name='polygon_11', opacity=1, ori=0.0, pos=array([0., 0.]), size=array([0.1, 0.1]), units='height', vertices=ndarray(...), win=Window(...), windingRule=None)
8.9198 	EXP 	Sound sound_11 set volume 1.000
8.9221 	EXP 	Created polygon_12 = ShapeStim(__class__=<class 'psychopy.visual.shape.ShapeStim'>, autoDraw=False, autoLog=True, closeShape=True, color=method-wrapper(...), colorSpace='rgb', contrast=None, depth=0.0, fillColor=array([1, 1, 1]), fillColorSpace='rgb', fillRGB=array([1, 1, 1]), interpolate=True, lineColor=array([1., 1., 1.]), lineColorSpace='rgb', lineRGB=array([1, 1, 1]), lineWidth=1.0, name='polygon_12', opacity=1, ori=0.0, pos=array([0., 0.]), size=array([0.1, 0.1]), units='height', vertices=ndarray(...), win=Window(...), windingRule=None)
8.9222 	EXP 	Sound sound_12 set volume 1.000
8.9248 	EXP 	Created polygon_13 = ShapeStim(__class__=<class 'psychopy.visual.shape.ShapeStim'>, autoDraw=False, autoLog=True, closeShape=True, color=method-wrapper(...), colorSpace='rgb', contrast=None, depth=0.0, fillColor=array([1, 1, 1]), fillColorSpace='rgb', fillRGB=array([1, 1, 1]), interpolate=True, lineColor=array([1., 1., 1.]), lineColorSpace='rgb', lineRGB=array([1, 1, 1]), lineWidth=1.0, name='polygon_13', opacity=1, ori=0.0, pos=array([0., 0.]), size=array([0.1, 0.1]), units='height', vertices=ndarray(...), win=Window(...), windingRule=None)
8.9520 	EXP 	Sound sound_13 set volume 1.000
8.9542 	EXP 	Created polygon_25 = ShapeStim(__class__=<class 'psychopy.visual.shape.ShapeStim'>, autoDraw=False, autoLog=True, closeShape=True, color=method-wrapper(...), colorSpace='rgb', contrast=None, depth=0.0, fillColor=array([1, 1, 1]), fillColorSpace='rgb', fillRGB=array([1, 1, 1]), interpolate=True, lineColor=array([1., 1., 1.]), lineColorSpace='rgb', lineRGB=array([1, 1, 1]), lineWidth=1.0, name='polygon_25', opacity=1, ori=0.0, pos=array([0., 0.]), size=array([0.1, 0.1]), units='height', vertices=ndarray(...), win=Window(...), windingRule=None)
8.9542 	EXP 	Sound sound_25 set volume 1.000
8.9602 	EXP 	Created text_2 = TextStim(__class__=<class 'psychopy.visual.text.TextStim'>, alignHoriz=method-wrapper(...), alignText='center', alignVert=method-wrapper(...), anchorHoriz='center', anchorVert='center', antialias=True, autoLog=True, bold=False, color=array([1., 1., 1.]), colorSpace='rgb', contrast=1.0, depth=0.0, flipHoriz=False, flipVert=False, font='Open Sans', fontFiles=[], height=0.1, italic=False, languageStyle='LTR', name='text_2', opacity=1, ori=0.0, pos=array([0., 0.]), rgb=UNKNOWN, text=str(...), units='height', win=Window(...), wrapWidth=1)
8.9881 	EXP 	Created polygon_14 = ShapeStim(__class__=<class 'psychopy.visual.shape.ShapeStim'>, autoDraw=False, autoLog=True, closeShape=True, color=method-wrapper(...), colorSpace='rgb', contrast=None, depth=0.0, fillColor=array([1, 1, 1]), fillColorSpace='rgb', fillRGB=array([1, 1, 1]), interpolate=True, lineColor=array([1., 1., 1.]), lineColorSpace='rgb', lineRGB=array([1, 1, 1]), lineWidth=1.0, name='polygon_14', opacity=1, ori=0.0, pos=array([0., 0.]), size=array([0.1, 0.1]), units='height', vertices=ndarray(...), win=Window(...), windingRule=None)
8.9886 	EXP 	Sound sound_14 set volume 1.000
8.9908 	EXP 	Created polygon_15 = ShapeStim(__class__=<class 'psychopy.visual.shape.ShapeStim'>, autoDraw=False, autoLog=True, closeShape=True, color=method-wrapper(...), colorSpace='rgb', contrast=None, depth=0.0, fillColor=array([1, 1, 1]), fillColorSpace='rgb', fillRGB=array([1, 1, 1]), interpolate=True, lineColor=array([1., 1., 1.]), lineColorSpace='rgb', lineRGB=array([1, 1, 1]), lineWidth=1.0, name='polygon_15', opacity=1, ori=0.0, pos=array([0., 0.]), size=array([0.1, 0.1]), units='height', vertices=ndarray(...), win=Window(...), windingRule=None)
8.9911 	EXP 	Sound sound_15 set volume 1.000
8.9931 	EXP 	Created polygon_16 = ShapeStim(__class__=<class 'psychopy.visual.shape.ShapeStim'>, autoDraw=False, autoLog=True, closeShape=True, color=method-wrapper(...), colorSpace='rgb', contrast=None, depth=0.0, fillColor=array([1, 1, 1]), fillColorSpace='rgb', fillRGB=array([1, 1, 1]), interpolate=True, lineColor=array([1., 1., 1.]), lineColorSpace='rgb', lineRGB=array([1, 1, 1]), lineWidth=1.0, name='polygon_16', opacity=1, ori=0.0, pos=array([0., 0.]), size=array([0.1, 0.1]), units='height', vertices=ndarray(...), win=Window(...), windingRule=None)
8.9932 	EXP 	Sound sound_16 set volume 1.000
8.9936 	EXP 	Sound sound_17 set volume 1.000
8.9956 	EXP 	Created polygon_17 = ShapeStim(__class__=<class 'psychopy.visual.shape.ShapeStim'>, autoDraw=False, autoLog=True, closeShape=True, color=method-wrapper(...), colorSpace='rgb', contrast=None, depth=-2.0, fillColor=array([1, 1, 1]), fillColorSpace='rgb', fillRGB=array([1, 1, 1]), interpolate=True, lineColor=array([1., 1., 1.]), lineColorSpace='rgb', lineRGB=array([1, 1, 1]), lineWidth=1.0, name='polygon_17', opacity=1, ori=0.0, pos=array([0., 0.]), size=array([0.1, 0.1]), units='height', vertices=ndarray(...), win=Window(...), windingRule=None)
9.0237 	EXP 	Created polygon_18 = ShapeStim(__class__=<class 'psychopy.visual.shape.ShapeStim'>, autoDraw=False, autoLog=True, closeShape=True, color=method-wrapper(...), colorSpace='rgb', contrast=None, depth=-1.0, fillColor=array([1, 1, 1]), fillColorSpace='rgb', fillRGB=array([1, 1, 1]), interpolate=True, lineColor=array([1., 1., 1.]), lineColorSpace='rgb', lineRGB=array([1, 1, 1]), lineWidth=1.0, name='polygon_18', opacity=1, ori=0.0, pos=array([0., 0.]), size=array([0.1, 0.1]), units='height', vertices=ndarray(...), win=Window(...), windingRule=None)
9.0238 	EXP 	Sound sound_18 set volume 1.000
9.0296 	EXP 	Created text_2 = TextStim(__class__=<class 'psychopy.visual.text.TextStim'>, alignHoriz=method-wrapper(...), alignText='center', alignVert=method-wrapper(...), anchorHoriz='center', anchorVert='center', antialias=True, autoLog=True, bold=False, color=array([1., 1., 1.]), colorSpace='rgb', contrast=1.0, depth=0.0, flipHoriz=False, flipVert=False, font='Open Sans', fontFiles=[], height=0.1, italic=False, languageStyle='LTR', name='text_2', opacity=1, ori=0.0, pos=array([0., 0.]), rgb=UNKNOWN, text=str(...), units='height', win=Window(...), wrapWidth=1)
9.0585 	EXP 	Created polygon_19 = ShapeStim(__class__=<class 'psychopy.visual.shape.ShapeStim'>, autoDraw=False, autoLog=True, closeShape=True, color=method-wrapper(...), colorSpace='rgb', contrast=None, depth=0.0, fillColor=array([1, 1, 1]), fillColorSpace='rgb', fillRGB=array([1, 1, 1]), interpolate=True, lineColor=array([1., 1., 1.]), lineColorSpace='rgb', lineRGB=array([1, 1, 1]), lineWidth=1.0, name='polygon_19', opacity=1, ori=0.0, pos=array([0., 0.]), size=array([0.1, 0.1]), units='height', vertices=ndarray(...), win=Window(...), windingRule=None)
9.0590 	EXP 	Sound sound_19 set volume 1.000
9.0610 	EXP 	Created polygon_20 = ShapeStim(__class__=<class 'psychopy.visual.shape.ShapeStim'>, autoDraw=False, autoLog=True, closeShape=True, color=method-wrapper(...), colorSpace='rgb', contrast=None, depth=0.0, fillColor=array([1, 1, 1]), fillColorSpace='rgb', fillRGB=array([1, 1, 1]), interpolate=True, lineColor=array([1., 1., 1.]), lineColorSpace='rgb', lineRGB=array([1, 1, 1]), lineWidth=1.0, name='polygon_20', opacity=1, ori=0.0, pos=array([0., 0.]), size=array([0.1, 0.1]), units='height', vertices=ndarray(...), win=Window(...), windingRule=None)
9.0614 	EXP 	Sound sound_20 set volume 1.000
9.0634 	EXP 	Created polygon_21 = ShapeStim(__class__=<class 'psychopy.visual.shape.ShapeStim'>, autoDraw=False, autoLog=True, closeShape=True, color=method-wrapper(...), colorSpace='rgb', contrast=None, depth=0.0, fillColor=array([1, 1, 1]), fillColorSpace='rgb', fillRGB=array([1, 1, 1]), interpolate=True, lineColor=array([1., 1., 1.]), lineColorSpace='rgb', lineRGB=array([1, 1, 1]), lineWidth=1.0, name='polygon_21', opacity=1, ori=0.0, pos=array([0., 0.]), size=array([0.1, 0.1]), units='height', vertices=ndarray(...), win=Window(...), windingRule=None)
9.0635 	EXP 	Sound sound_21 set volume 1.000
9.0655 	EXP 	Created polygon_22 = ShapeStim(__class__=<class 'psychopy.visual.shape.ShapeStim'>, autoDraw=False, autoLog=True, closeShape=True, color=method-wrapper(...), colorSpace='rgb', contrast=None, depth=0.0, fillColor=array([1, 1, 1]), fillColorSpace='rgb', fillRGB=array([1, 1, 1]), interpolate=True, lineColor=array([1., 1., 1.]), lineColorSpace='rgb', lineRGB=array([1, 1, 1]), lineWidth=1.0, name='polygon_22', opacity=1, ori=0.0, pos=array([0., 0.]), size=array([0.1, 0.1]), units='height', vertices=ndarray(...), win=Window(...), windingRule=None)
9.0661 	EXP 	Sound sound_22 set volume 1.000
9.0955 	EXP 	Created polygon_23 = ShapeStim(__class__=<class 'psychopy.visual.shape.ShapeStim'>, autoDraw=False, autoLog=True, closeShape=True, color=method-wrapper(...), colorSpace='rgb', contrast=None, depth=0.0, fillColor=array([1, 1, 1]), fillColorSpace='rgb', fillRGB=array([1, 1, 1]), interpolate=True, lineColor=array([1., 1., 1.]), lineColorSpace='rgb', lineRGB=array([1, 1, 1]), lineWidth=1.0, name='polygon_23', opacity=1, ori=0.0, pos=array([0., 0.]), size=array([0.1, 0.1]), units='height', vertices=ndarray(...), win=Window(...), windingRule=None)
9.0956 	EXP 	Sound sound_23 set volume 1.000
9.1079 	EXP 	Created text_3 = TextStim(__class__=<class 'psychopy.visual.text.TextStim'>, alignHoriz=method-wrapper(...), alignText='center', alignVert=method-wrapper(...), anchorHoriz='center', anchorVert='center', antialias=True, autoLog=True, bold=False, color=array([1., 1., 1.]), colorSpace='rgb', contrast=1.0, depth=0.0, flipHoriz=False, flipVert=False, font='Open Sans', fontFiles=[], height=0.1, italic=False, languageStyle='LTR', name='text_3', opacity=1, ori=0.0, pos=array([0., 0.]), rgb=UNKNOWN, text=str(...), units='height', win=Window(...), wrapWidth=1)
9.1346 	EXP 	text: text = {'participant': '1', 'session': '001', 'date': '2021_Dec_01_2320', 'expName': 'Trial_Exp', 'psychopyVersion': '2021.2.3', 'frameRate': 60.48034725588781}
9.1346 	EXP 	text: autoDraw = True
11.9541 	EXP 	Created sequence: sequential, trialTypes=1, nReps=2, seed=None
11.9543 	EXP 	New trial (rep=0, index=0): None
12.9643 	DATA 	Keypress: space
12.9696 	EXP 	text: autoDraw = False
12.9696 	EXP 	polygon: autoDraw = True
19.9637 	EXP 	polygon: autoDraw = False
19.9637 	EXP 	polygon: autoDraw = False
19.9637 	EXP 	polygon_3: autoDraw = True
23.9630 	EXP 	polygon_3: autoDraw = False
23.9630 	EXP 	polygon_4: autoDraw = True
26.1751 	DATA 	Mouse: Left button down, pos=(819,1248)
26.2248 	DATA 	Mouse:  Left button up, pos=(819,1248)
27.9630 	EXP 	polygon_4: autoDraw = False
27.9630 	EXP 	polygon_2: autoDraw = True
30.2141 	DATA 	Keypress: rshift
30.2200 	EXP 	polygon_2: autoDraw = False
30.2200 	EXP 	polygon_5: autoDraw = True
40.2118 	EXP 	New trial (rep=1, index=0): None
41.2184 	EXP 	polygon_5: autoDraw = False
41.2184 	EXP 	polygon_5: autoDraw = False
41.2184 	EXP 	polygon: autoDraw = True
46.2203 	EXP 	polygon: autoDraw = False
46.2203 	EXP 	polygon: autoDraw = False
46.2203 	EXP 	polygon_3: autoDraw = True
50.2207 	EXP 	polygon_3: autoDraw = False
50.2207 	EXP 	polygon_4: autoDraw = True
54.2205 	EXP 	polygon_4: autoDraw = False
54.2205 	EXP 	polygon_2: autoDraw = True
57.5212 	DATA 	Keypress: lshift
57.5270 	EXP 	polygon_2: autoDraw = False
57.5270 	EXP 	polygon_5: autoDraw = True
66.5254 	EXP 	polygon_5: autoDraw = False
66.5254 	EXP 	polygon_5: autoDraw = False
66.5254 	EXP 	text_2: autoDraw = True
68.1696 	EXP 	Created sequence: sequential, trialTypes=1, nReps=2, seed=None
68.1698 	EXP 	New trial (rep=0, index=0): None
69.1732 	DATA 	Keypress: space
69.1775 	EXP 	text_2: autoDraw = False
69.1775 	EXP 	polygon_6: autoDraw = True
76.1778 	EXP 	polygon_6: autoDraw = False
76.1778 	EXP 	polygon_6: autoDraw = False
76.1778 	EXP 	polygon_7: autoDraw = True
80.1802 	EXP 	polygon_7: autoDraw = False
80.1802 	EXP 	polygon_8: autoDraw = True
84.1800 	EXP 	polygon_8: autoDraw = False
84.1800 	EXP 	polygon_9: autoDraw = True
86.9113 	DATA 	Keypress: lshift
86.9157 	EXP 	polygon_9: autoDraw = False
86.9157 	EXP 	polygon_24: autoDraw = True
94.9107 	EXP 	New trial (rep=1, index=0): None
95.9166 	EXP 	polygon_24: autoDraw = False
95.9166 	EXP 	polygon_24: autoDraw = False
95.9166 	EXP 	polygon_6: autoDraw = True
98.9182 	EXP 	polygon_6: autoDraw = False
98.9182 	EXP 	polygon_6: autoDraw = False
98.9182 	EXP 	polygon_7: autoDraw = True
102.9190 	EXP 	polygon_7: autoDraw = False
102.9190 	EXP 	polygon_8: autoDraw = True
106.9206 	EXP 	polygon_8: autoDraw = False
106.9206 	EXP 	polygon_9: autoDraw = True
110.2190 	DATA 	Keypress: rshift
110.2238 	EXP 	polygon_9: autoDraw = False
110.2238 	EXP 	polygon_24: autoDraw = True
118.2225 	EXP 	polygon_24: autoDraw = False
118.2225 	EXP 	polygon_24: autoDraw = False
118.2225 	EXP 	text_2: autoDraw = True
122.3358 	EXP 	Created sequence: sequential, trialTypes=1, nReps=2, seed=None
122.3359 	EXP 	New trial (rep=0, index=0): None
123.3386 	DATA 	Keypress: space
123.3430 	EXP 	text_2: autoDraw = False
123.3430 	EXP 	polygon_10: autoDraw = True
126.3416 	EXP 	polygon_10: autoDraw = False
126.3416 	EXP 	polygon_10: autoDraw = False
126.3416 	EXP 	polygon_11: autoDraw = True
130.3431 	EXP 	polygon_11: autoDraw = False
130.3431 	EXP 	polygon_12: autoDraw = True
134.3432 	EXP 	polygon_12: autoDraw = False
134.3432 	EXP 	polygon_13: autoDraw = True
137.0440 	DATA 	Keypress: rshift
137.0483 	EXP 	polygon_13: autoDraw = False
137.0483 	EXP 	polygon_25: autoDraw = True
144.0419 	EXP 	New trial (rep=1, index=0): None
145.0490 	EXP 	polygon_25: autoDraw = False
145.0490 	EXP 	polygon_25: autoDraw = False
145.0490 	EXP 	polygon_10: autoDraw = True
149.0481 	EXP 	polygon_10: autoDraw = False
149.0481 	EXP 	polygon_10: autoDraw = False
149.0481 	EXP 	polygon_11: autoDraw = True
153.0502 	EXP 	polygon_11: autoDraw = False
153.0502 	EXP 	polygon_12: autoDraw = True
157.0508 	EXP 	polygon_12: autoDraw = False
157.0508 	EXP 	polygon_13: autoDraw = True
159.1650 	DATA 	Keypress: lshift
159.1693 	EXP 	polygon_13: autoDraw = False
159.1693 	EXP 	polygon_25: autoDraw = True
169.1694 	EXP 	polygon_25: autoDraw = False
169.1694 	EXP 	polygon_25: autoDraw = False
169.1694 	EXP 	text_2: autoDraw = True
170.2159 	EXP 	Created sequence: random, trialTypes=1, nReps=2, seed=None
170.2160 	EXP 	New trial (rep=0, index=0): None
171.2198 	DATA 	Keypress: space
171.2241 	EXP 	text_2: autoDraw = False
171.2241 	EXP 	polygon_14: autoDraw = True
178.2234 	EXP 	polygon_14: autoDraw = False
178.2234 	EXP 	polygon_14: autoDraw = False
178.2234 	EXP 	polygon_15: autoDraw = True
182.2248 	EXP 	polygon_15: autoDraw = False
182.2248 	EXP 	polygon_16: autoDraw = True
186.2254 	EXP 	polygon_16: autoDraw = False
186.2254 	EXP 	polygon_17: autoDraw = True
189.2078 	DATA 	Keypress: rshift
189.2122 	EXP 	polygon_17: autoDraw = False
189.2122 	EXP 	polygon_18: autoDraw = True
199.2076 	EXP 	New trial (rep=1, index=0): None
200.2150 	EXP 	polygon_18: autoDraw = False
200.2150 	EXP 	polygon_18: autoDraw = False
200.2150 	EXP 	polygon_14: autoDraw = True
205.2143 	EXP 	polygon_14: autoDraw = False
205.2143 	EXP 	polygon_14: autoDraw = False
205.2143 	EXP 	polygon_15: autoDraw = True
209.2158 	EXP 	polygon_15: autoDraw = False
209.2158 	EXP 	polygon_16: autoDraw = True
213.2170 	EXP 	polygon_16: autoDraw = False
213.2170 	EXP 	polygon_17: autoDraw = True
216.5668 	DATA 	Keypress: rshift
216.5717 	EXP 	polygon_17: autoDraw = False
216.5717 	EXP 	polygon_18: autoDraw = True
224.5700 	EXP 	polygon_18: autoDraw = False
224.5700 	EXP 	polygon_18: autoDraw = False
224.5700 	EXP 	text_2: autoDraw = True
225.8982 	EXP 	Created sequence: random, trialTypes=1, nReps=2, seed=None
225.8984 	EXP 	New trial (rep=0, index=0): None
226.9017 	DATA 	Keypress: space
226.9061 	EXP 	text_2: autoDraw = False
226.9061 	EXP 	polygon_19: autoDraw = True
232.9053 	EXP 	polygon_19: autoDraw = False
232.9053 	EXP 	polygon_19: autoDraw = False
232.9053 	EXP 	polygon_20: autoDraw = True
236.9069 	EXP 	polygon_20: autoDraw = False
236.9069 	EXP 	polygon_21: autoDraw = True
240.9086 	EXP 	polygon_21: autoDraw = False
240.9086 	EXP 	polygon_22: autoDraw = True
243.9392 	DATA 	Keypress: rshift
243.9435 	EXP 	polygon_22: autoDraw = False
243.9435 	EXP 	polygon_23: autoDraw = True
253.9407 	EXP 	New trial (rep=1, index=0): None
254.9468 	EXP 	polygon_23: autoDraw = False
254.9468 	EXP 	polygon_23: autoDraw = False
254.9468 	EXP 	polygon_19: autoDraw = True
259.9495 	EXP 	polygon_19: autoDraw = False
259.9495 	EXP 	polygon_19: autoDraw = False
259.9495 	EXP 	polygon_20: autoDraw = True
263.9645 	EXP 	polygon_20: autoDraw = False
263.9645 	EXP 	polygon_21: autoDraw = True
267.9487 	EXP 	polygon_21: autoDraw = False
267.9487 	EXP 	polygon_22: autoDraw = True
270.4154 	DATA 	Keypress: lshift
270.4198 	EXP 	polygon_22: autoDraw = False
270.4198 	EXP 	polygon_23: autoDraw = True
279.4198 	EXP 	polygon_23: autoDraw = False
279.4198 	EXP 	polygon_23: autoDraw = False
279.4198 	EXP 	text_3: autoDraw = True
289.4339 	EXP 	text_3: autoDraw = False
289.9650 	EXP 	window1: mouseVisible = True
