0.6520 	WARNING 	We strongly recommend you activate the PTB sound engine in PsychoPy prefs as the preferred audio engine. Its timing is vastly superior. Your prefs are currently set to use ['sounddevice', 'PTB', 'pyo', 'pygame'] (in that order).
5.2956 	WARNING 	User requested fullscreen with size [1024  768], but screen is actually [2560, 1440]. Using actual size
5.8074 	EXP 	Created window1 = Window(allowGUI=False, allowStencil=False, autoLog=True, backendConf=UNKNOWN, bitsMode=UNKNOWN, blendMode='avg', bpc=(8, 8, 8), color=array([0, 0, 0]), colorSpace='rgb', depthBits=8, fullscr=<method-wrapper '__getattribute__' of attributeSetter object at 0x7faaf9a93d68>, gamma=None, gammaErrorPolicy='raise', lms=UNKNOWN, monitor=<psychopy.monitors.calibTools.Monitor object at 0x7faa4bc20f98>, multiSample=False, name='window1', numSamples=2, pos=[640.0, 360.0], screen=0, size=array([5120, 2880]), stencilBits=0, stereo=False, units='height', useFBO=True, useRetina=True, viewOri=0.0, viewPos=None, viewScale=None, waitBlanking=True, winType='pyglet')
5.8075 	EXP 	window1: mouseVisible = True
5.8075 	EXP 	window1: recordFrameIntervals = False
5.9739 	EXP 	window1: recordFrameIntervals = True
6.1573 	EXP 	window1: recordFrameIntervals = False
6.4518 	EXP 	Created text = TextStim(__class__=<class 'psychopy.visual.text.TextStim'>, alignHoriz=method-wrapper(...), alignText='center', alignVert=method-wrapper(...), anchorHoriz='center', anchorVert='center', antialias=True, autoLog=True, bold=False, color=array([1., 1., 1.]), colorSpace='rgb', contrast=1.0, depth=0.0, flipHoriz=False, flipVert=False, font='Open Sans', fontFiles=[], height=0.0005, italic=False, languageStyle='LTR', name='text', opacity=1, ori=0.0, pos=array([0., 0.]), rgb=UNKNOWN, text='', units='height', win=Window(...), wrapWidth=1)
8.5070 	EXP 	Created polygon = ShapeStim(__class__=<class 'psychopy.visual.shape.ShapeStim'>, autoDraw=False, autoLog=True, closeShape=True, color=method-wrapper(...), colorSpace='rgb', contrast=None, depth=0.0, fillColor=array([1, 1, 1]), fillColorSpace='rgb', fillRGB=array([1, 1, 1]), interpolate=True, lineColor=array([1., 1., 1.]), lineColorSpace='rgb', lineRGB=array([1, 1, 1]), lineWidth=0.3, name='polygon', opacity=1, ori=0.0, pos=array([0., 0.]), size=array([0.1, 0.1]), units='height', vertices=ndarray(...), win=Window(...), windingRule=None)
8.5152 	EXP 	Sound sound_1 set volume 1.000
8.5174 	EXP 	Created polygon_3 = ShapeStim(__class__=<class 'psychopy.visual.shape.ShapeStim'>, autoDraw=False, autoLog=True, closeShape=True, color=method-wrapper(...), colorSpace='rgb', contrast=None, depth=0.0, fillColor=array([1, 1, 1]), fillColorSpace='rgb', fillRGB=array([1, 1, 1]), interpolate=True, lineColor=array([1., 1., 1.]), lineColorSpace='rgb', lineRGB=array([1, 1, 1]), lineWidth=1.0, name='polygon_3', opacity=1, ori=0.0, pos=array([0., 0.]), size=array([0.1, 0.1]), units='height', vertices=ndarray(...), win=Window(...), windingRule=None)
8.5208 	EXP 	Sound sound_2 set volume 1.000
8.5227 	EXP 	Created polygon_4 = ShapeStim(__class__=<class 'psychopy.visual.shape.ShapeStim'>, autoDraw=False, autoLog=True, closeShape=True, color=method-wrapper(...), colorSpace='rgb', contrast=None, depth=0.0, fillColor=array([1, 1, 1]), fillColorSpace='rgb', fillRGB=array([1, 1, 1]), interpolate=True, lineColor=array([1., 1., 1.]), lineColorSpace='rgb', lineRGB=array([1, 1, 1]), lineWidth=1.0, name='polygon_4', opacity=1, ori=0.0, pos=array([0., 0.]), size=array([0.1, 0.1]), units='height', vertices=ndarray(...), win=Window(...), windingRule=None)
8.5227 	EXP 	Sound sound_3 set volume 1.000
8.5249 	EXP 	Created polygon_2 = ShapeStim(__class__=<class 'psychopy.visual.shape.ShapeStim'>, autoDraw=False, autoLog=True, closeShape=True, color=method-wrapper(...), colorSpace='rgb', contrast=None, depth=0.0, fillColor=array([1, 1, 1]), fillColorSpace='rgb', fillRGB=array([1, 1, 1]), interpolate=True, lineColor=array([1., 1., 1.]), lineColorSpace='rgb', lineRGB=array([1, 1, 1]), lineWidth=1.0, name='polygon_2', opacity=1, ori=0.0, pos=array([0., 0.]), size=array([0.1, 0.1]), units='height', vertices=ndarray(...), win=Window(...), windingRule=None)
8.5550 	EXP 	Sound sound_4 set volume 1.000
8.5569 	EXP 	Created polygon_5 = ShapeStim(__class__=<class 'psychopy.visual.shape.ShapeStim'>, autoDraw=False, autoLog=True, closeShape=True, color=method-wrapper(...), colorSpace='rgb', contrast=None, depth=-1.0, fillColor=array([1, 1, 1]), fillColorSpace='rgb', fillRGB=array([1, 1, 1]), interpolate=True, lineColor=array([1., 1., 1.]), lineColorSpace='rgb', lineRGB=array([1, 1, 1]), lineWidth=1.0, name='polygon_5', opacity=1, ori=0.0, pos=array([0., 0.]), size=array([0.1, 0.1]), units='height', vertices=ndarray(...), win=Window(...), windingRule=None)
8.5570 	EXP 	Sound sound_5 set volume 1.000
8.5908 	EXP 	Created text_2 = TextStim(__class__=<class 'psychopy.visual.text.TextStim'>, alignHoriz=method-wrapper(...), alignText='center', alignVert=method-wrapper(...), anchorHoriz='center', anchorVert='center', antialias=True, autoLog=True, bold=False, color=array([1., 1., 1.]), colorSpace='rgb', contrast=1.0, depth=0.0, flipHoriz=False, flipVert=False, font='Open Sans', fontFiles=[], height=0.1, italic=False, languageStyle='LTR', name='text_2', opacity=1, ori=0.0, pos=array([0., 0.]), rgb=UNKNOWN, text=str(...), units='height', win=Window(...), wrapWidth=1)
8.6453 	EXP 	text: text = {'participant': '1', 'session': '001', 'date': '2021_Dec_01_2042', 'expName': 'Trial_Exp', 'psychopyVersion': '2021.2.3', 'frameRate': 59.95726989265856}
8.6453 	EXP 	text: autoDraw = True
11.3604 	EXP 	Created sequence: sequential, trialTypes=1, nReps=11, seed=None
11.3607 	EXP 	New trial (rep=0, index=0): None
12.3715 	DATA 	Keypress: space
12.3766 	EXP 	text: autoDraw = False
12.3766 	EXP 	polygon: autoDraw = True
15.3673 	EXP 	polygon: autoDraw = False
15.3673 	EXP 	polygon: autoDraw = False
15.3673 	EXP 	polygon_3: autoDraw = True
19.3834 	EXP 	polygon_3: autoDraw = False
19.3834 	EXP 	polygon_4: autoDraw = True
23.3690 	EXP 	polygon_4: autoDraw = False
23.3690 	EXP 	polygon_2: autoDraw = True
26.6503 	DATA 	Keypress: rshift
26.6546 	EXP 	polygon_2: autoDraw = False
26.6546 	EXP 	polygon_5: autoDraw = True
30.7007 	DATA 	Keypress: rshift
31.8656 	DATA 	Keypress: rshift
32.3826 	DATA 	Keypress: rshift
32.6487 	EXP 	New trial (rep=1, index=0): None
33.6508 	DATA 	Keypress: rshift
33.6515 	DATA 	Keypress: rshift
33.6519 	DATA 	Keypress: rshift
33.6560 	EXP 	polygon_5: autoDraw = False
33.6560 	EXP 	polygon_5: autoDraw = False
33.6560 	EXP 	polygon: autoDraw = True
37.6558 	EXP 	polygon: autoDraw = False
37.6558 	EXP 	polygon: autoDraw = False
37.6558 	EXP 	polygon_3: autoDraw = True
41.6570 	EXP 	polygon_3: autoDraw = False
41.6570 	EXP 	polygon_4: autoDraw = True
45.6583 	EXP 	polygon_4: autoDraw = False
45.6583 	EXP 	polygon_2: autoDraw = True
48.6562 	DATA 	Keypress: lshift
48.6606 	EXP 	polygon_2: autoDraw = False
48.6606 	EXP 	polygon_5: autoDraw = True
53.3727 	DATA 	Keypress: escape
54.2640 	EXP 	window1: mouseVisible = True
