0.7677 	WARNING 	We strongly recommend you activate the PTB sound engine in PsychoPy prefs as the preferred audio engine. Its timing is vastly superior. Your prefs are currently set to use ['sounddevice', 'PTB', 'pyo', 'pygame'] (in that order).
4.8686 	WARNING 	User requested fullscreen with size [1024  768], but screen is actually [2560, 1440]. Using actual size
5.4084 	EXP 	Created window1 = Window(allowGUI=False, allowStencil=False, autoLog=True, backendConf=UNKNOWN, bitsMode=UNKNOWN, blendMode='avg', bpc=(8, 8, 8), color=array([0, 0, 0]), colorSpace='rgb', depthBits=8, fullscr=<method-wrapper '__getattribute__' of attributeSetter object at 0x7f8078cb8cc0>, gamma=None, gammaErrorPolicy='raise', lms=UNKNOWN, monitor=<psychopy.monitors.calibTools.Monitor object at 0x7f80093dcef0>, multiSample=False, name='window1', numSamples=2, pos=[640.0, 360.0], screen=0, size=array([5120, 2880]), stencilBits=0, stereo=False, units='height', useFBO=True, useRetina=True, viewOri=0.0, viewPos=None, viewScale=None, waitBlanking=True, winType='pyglet')
5.4085 	EXP 	window1: mouseVisible = True
5.4085 	EXP 	window1: recordFrameIntervals = False
5.5748 	EXP 	window1: recordFrameIntervals = True
5.7580 	EXP 	window1: recordFrameIntervals = False
6.0765 	EXP 	Created text = TextStim(__class__=<class 'psychopy.visual.text.TextStim'>, alignHoriz=method-wrapper(...), alignText='center', alignVert=method-wrapper(...), anchorHoriz='center', anchorVert='center', antialias=True, autoLog=True, bold=False, color=array([1., 1., 1.]), colorSpace='rgb', contrast=1.0, depth=0.0, flipHoriz=False, flipVert=False, font='Open Sans', fontFiles=[], height=0.0005, italic=False, languageStyle='LTR', name='text', opacity=1, ori=0.0, pos=array([0., 0.]), rgb=UNKNOWN, text='', units='height', win=Window(...), wrapWidth=1)
8.1367 	EXP 	Created polygon = ShapeStim(__class__=<class 'psychopy.visual.shape.ShapeStim'>, autoDraw=False, autoLog=True, closeShape=True, color=method-wrapper(...), colorSpace='rgb', contrast=None, depth=0.0, fillColor=array([1, 1, 1]), fillColorSpace='rgb', fillRGB=array([1, 1, 1]), interpolate=True, lineColor=array([1., 1., 1.]), lineColorSpace='rgb', lineRGB=array([1, 1, 1]), lineWidth=0.3, name='polygon', opacity=1, ori=0.0, pos=array([0., 0.]), size=array([0.1, 0.1]), units='height', vertices=ndarray(...), win=Window(...), windingRule=None)
8.1447 	EXP 	Sound sound_1 set volume 1.000
8.1468 	EXP 	Created polygon_3 = ShapeStim(__class__=<class 'psychopy.visual.shape.ShapeStim'>, autoDraw=False, autoLog=True, closeShape=True, color=method-wrapper(...), colorSpace='rgb', contrast=None, depth=0.0, fillColor=array([1, 1, 1]), fillColorSpace='rgb', fillRGB=array([1, 1, 1]), interpolate=True, lineColor=array([1., 1., 1.]), lineColorSpace='rgb', lineRGB=array([1, 1, 1]), lineWidth=1.0, name='polygon_3', opacity=1, ori=0.0, pos=array([0., 0.]), size=array([0.1, 0.1]), units='height', vertices=ndarray(...), win=Window(...), windingRule=None)
8.1501 	EXP 	Sound sound_2 set volume 1.000
8.1520 	EXP 	Created polygon_4 = ShapeStim(__class__=<class 'psychopy.visual.shape.ShapeStim'>, autoDraw=False, autoLog=True, closeShape=True, color=method-wrapper(...), colorSpace='rgb', contrast=None, depth=0.0, fillColor=array([1, 1, 1]), fillColorSpace='rgb', fillRGB=array([1, 1, 1]), interpolate=True, lineColor=array([1., 1., 1.]), lineColorSpace='rgb', lineRGB=array([1, 1, 1]), lineWidth=1.0, name='polygon_4', opacity=1, ori=0.0, pos=array([0., 0.]), size=array([0.1, 0.1]), units='height', vertices=ndarray(...), win=Window(...), windingRule=None)
8.1520 	EXP 	Sound sound_3 set volume 1.000
8.1540 	EXP 	Created polygon_2 = ShapeStim(__class__=<class 'psychopy.visual.shape.ShapeStim'>, autoDraw=False, autoLog=True, closeShape=True, color=method-wrapper(...), colorSpace='rgb', contrast=None, depth=0.0, fillColor=array([1, 1, 1]), fillColorSpace='rgb', fillRGB=array([1, 1, 1]), interpolate=True, lineColor=array([1., 1., 1.]), lineColorSpace='rgb', lineRGB=array([1, 1, 1]), lineWidth=1.0, name='polygon_2', opacity=1, ori=0.0, pos=array([0., 0.]), size=array([0.1, 0.1]), units='height', vertices=ndarray(...), win=Window(...), windingRule=None)
8.1845 	EXP 	Sound sound_4 set volume 1.000
8.1865 	EXP 	Created polygon_5 = ShapeStim(__class__=<class 'psychopy.visual.shape.ShapeStim'>, autoDraw=False, autoLog=True, closeShape=True, color=method-wrapper(...), colorSpace='rgb', contrast=None, depth=-1.0, fillColor=array([1, 1, 1]), fillColorSpace='rgb', fillRGB=array([1, 1, 1]), interpolate=True, lineColor=array([1., 1., 1.]), lineColorSpace='rgb', lineRGB=array([1, 1, 1]), lineWidth=1.0, name='polygon_5', opacity=1, ori=0.0, pos=array([0., 0.]), size=array([0.1, 0.1]), units='height', vertices=ndarray(...), win=Window(...), windingRule=None)
8.1865 	EXP 	Sound sound_5 set volume 1.000
8.2209 	EXP 	Created text_2 = TextStim(__class__=<class 'psychopy.visual.text.TextStim'>, alignHoriz=method-wrapper(...), alignText='center', alignVert=method-wrapper(...), anchorHoriz='center', anchorVert='center', antialias=True, autoLog=True, bold=False, color=array([1., 1., 1.]), colorSpace='rgb', contrast=1.0, depth=0.0, flipHoriz=False, flipVert=False, font='Open Sans', fontFiles=[], height=0.1, italic=False, languageStyle='LTR', name='text_2', opacity=1, ori=0.0, pos=array([0., 0.]), rgb=UNKNOWN, text=str(...), units='height', win=Window(...), wrapWidth=1)
8.2489 	EXP 	Created polygon_6 = ShapeStim(__class__=<class 'psychopy.visual.shape.ShapeStim'>, autoDraw=False, autoLog=True, closeShape=True, color=method-wrapper(...), colorSpace='rgb', contrast=None, depth=0.0, fillColor=array([1, 1, 1]), fillColorSpace='rgb', fillRGB=array([1, 1, 1]), interpolate=True, lineColor=array([1., 1., 1.]), lineColorSpace='rgb', lineRGB=array([1, 1, 1]), lineWidth=1.0, name='polygon_6', opacity=1, ori=0.0, pos=array([0., 0.]), size=array([0.1, 0.1]), units='height', vertices=ndarray(...), win=Window(...), windingRule=None)
8.2493 	EXP 	Sound sound_6 set volume 1.000
8.2513 	EXP 	Created polygon_7 = ShapeStim(__class__=<class 'psychopy.visual.shape.ShapeStim'>, autoDraw=False, autoLog=True, closeShape=True, color=method-wrapper(...), colorSpace='rgb', contrast=None, depth=0.0, fillColor=array([1, 1, 1]), fillColorSpace='rgb', fillRGB=array([1, 1, 1]), interpolate=True, lineColor=array([1., 1., 1.]), lineColorSpace='rgb', lineRGB=array([1, 1, 1]), lineWidth=1.0, name='polygon_7', opacity=1, ori=0.0, pos=array([0., 0.]), size=array([0.1, 0.1]), units='height', vertices=ndarray(...), win=Window(...), windingRule=None)
8.2517 	EXP 	Sound sound_7 set volume 1.000
8.2537 	EXP 	Created polygon_8 = ShapeStim(__class__=<class 'psychopy.visual.shape.ShapeStim'>, autoDraw=False, autoLog=True, closeShape=True, color=method-wrapper(...), colorSpace='rgb', contrast=None, depth=0.0, fillColor=array([1, 1, 1]), fillColorSpace='rgb', fillRGB=array([1, 1, 1]), interpolate=True, lineColor=array([1., 1., 1.]), lineColorSpace='rgb', lineRGB=array([1, 1, 1]), lineWidth=1.0, name='polygon_8', opacity=1, ori=0.0, pos=array([0., 0.]), size=array([0.1, 0.1]), units='height', vertices=ndarray(...), win=Window(...), windingRule=None)
8.2538 	EXP 	Sound sound_8 set volume 1.000
8.2556 	EXP 	Created polygon_9 = ShapeStim(__class__=<class 'psychopy.visual.shape.ShapeStim'>, autoDraw=False, autoLog=True, closeShape=True, color=method-wrapper(...), colorSpace='rgb', contrast=None, depth=0.0, fillColor=array([1, 1, 1]), fillColorSpace='rgb', fillRGB=array([1, 1, 1]), interpolate=True, lineColor=array([1., 1., 1.]), lineColorSpace='rgb', lineRGB=array([1, 1, 1]), lineWidth=1.0, name='polygon_9', opacity=1, ori=0.0, pos=array([0., 0.]), size=array([0.1, 0.1]), units='height', vertices=ndarray(...), win=Window(...), windingRule=None)
8.2819 	EXP 	Sound sound_9 set volume 1.000
8.2839 	EXP 	Created polygon_5 = ShapeStim(__class__=<class 'psychopy.visual.shape.ShapeStim'>, autoDraw=False, autoLog=True, closeShape=True, color=method-wrapper(...), colorSpace='rgb', contrast=None, depth=-1.0, fillColor=array([1, 1, 1]), fillColorSpace='rgb', fillRGB=array([1, 1, 1]), interpolate=True, lineColor=array([1., 1., 1.]), lineColorSpace='rgb', lineRGB=array([1, 1, 1]), lineWidth=1.0, name='polygon_5', opacity=1, ori=0.0, pos=array([0., 0.]), size=array([0.1, 0.1]), units='height', vertices=ndarray(...), win=Window(...), windingRule=None)
8.2840 	EXP 	Sound sound_5 set volume 1.000
8.2899 	EXP 	Created text_2 = TextStim(__class__=<class 'psychopy.visual.text.TextStim'>, alignHoriz=method-wrapper(...), alignText='center', alignVert=method-wrapper(...), anchorHoriz='center', anchorVert='center', antialias=True, autoLog=True, bold=False, color=array([1., 1., 1.]), colorSpace='rgb', contrast=1.0, depth=0.0, flipHoriz=False, flipVert=False, font='Open Sans', fontFiles=[], height=0.1, italic=False, languageStyle='LTR', name='text_2', opacity=1, ori=0.0, pos=array([0., 0.]), rgb=UNKNOWN, text=str(...), units='height', win=Window(...), wrapWidth=1)
8.3436 	EXP 	text: text = {'participant': '1', 'session': '001', 'date': '2021_Dec_01_2117', 'expName': 'Trial_Exp', 'psychopyVersion': '2021.2.3', 'frameRate': 59.913173110630616}
8.3436 	EXP 	text: autoDraw = True
10.3277 	EXP 	Created sequence: sequential, trialTypes=1, nReps=2, seed=None
10.3279 	EXP 	New trial (rep=0, index=0): None
11.3385 	DATA 	Keypress: space
11.3445 	EXP 	text: autoDraw = False
11.3445 	EXP 	polygon: autoDraw = True
18.3336 	EXP 	polygon: autoDraw = False
18.3336 	EXP 	polygon: autoDraw = False
18.3336 	EXP 	polygon_3: autoDraw = True
22.3351 	EXP 	polygon_3: autoDraw = False
22.3351 	EXP 	polygon_4: autoDraw = True
26.3360 	EXP 	polygon_4: autoDraw = False
26.3360 	EXP 	polygon_2: autoDraw = True
29.4012 	DATA 	Keypress: lshift
29.4055 	EXP 	polygon_2: autoDraw = False
29.4055 	EXP 	polygon_5: autoDraw = True
37.3997 	EXP 	New trial (rep=1, index=0): None
38.4055 	EXP 	polygon_5: autoDraw = False
38.4055 	EXP 	polygon_5: autoDraw = False
38.4055 	EXP 	polygon: autoDraw = True
44.4075 	EXP 	polygon: autoDraw = False
44.4075 	EXP 	polygon: autoDraw = False
44.4075 	EXP 	polygon_3: autoDraw = True
48.4092 	EXP 	polygon_3: autoDraw = False
48.4092 	EXP 	polygon_4: autoDraw = True
52.4118 	EXP 	polygon_4: autoDraw = False
52.4118 	EXP 	polygon_2: autoDraw = True
60.2937 	DATA 	Keypress: rshift
60.2980 	EXP 	polygon_2: autoDraw = False
60.2980 	EXP 	polygon_5: autoDraw = True
70.3006 	EXP 	polygon_5: autoDraw = False
70.3006 	EXP 	polygon_5: autoDraw = False
70.3006 	EXP 	text_2: autoDraw = True
75.6794 	EXP 	Created sequence: sequential, trialTypes=1, nReps=2, seed=None
75.6795 	EXP 	New trial (rep=0, index=0): None
76.6823 	DATA 	Keypress: space
76.6869 	EXP 	text_2: autoDraw = False
76.6869 	EXP 	polygon_6: autoDraw = True
83.6866 	EXP 	polygon_6: autoDraw = False
83.6866 	EXP 	polygon_6: autoDraw = False
83.6866 	EXP 	polygon_7: autoDraw = True
87.6871 	EXP 	polygon_7: autoDraw = False
87.6871 	EXP 	polygon_8: autoDraw = True
91.6882 	EXP 	polygon_8: autoDraw = False
91.6882 	EXP 	polygon_9: autoDraw = True
97.0537 	DATA 	Keypress: rshift
97.0583 	EXP 	polygon_9: autoDraw = False
97.0583 	EXP 	polygon_5: autoDraw = True
105.0538 	EXP 	New trial (rep=1, index=0): None
106.0597 	EXP 	polygon_5: autoDraw = False
106.0597 	EXP 	polygon_5: autoDraw = False
106.0597 	EXP 	polygon_6: autoDraw = True
110.0603 	EXP 	polygon_6: autoDraw = False
110.0603 	EXP 	polygon_6: autoDraw = False
110.0603 	EXP 	polygon_7: autoDraw = True
114.0608 	EXP 	polygon_7: autoDraw = False
114.0608 	EXP 	polygon_8: autoDraw = True
118.0628 	EXP 	polygon_8: autoDraw = False
118.0628 	EXP 	polygon_9: autoDraw = True
121.0121 	DATA 	Keypress: rshift
121.0165 	EXP 	polygon_9: autoDraw = False
121.0165 	EXP 	polygon_5: autoDraw = True
132.0174 	EXP 	polygon_5: autoDraw = False
132.0174 	EXP 	polygon_5: autoDraw = False
132.0174 	EXP 	text_2: autoDraw = True
133.8621 	DATA 	Keypress: space
133.8780 	EXP 	text_2: autoDraw = False
134.4048 	EXP 	window1: mouseVisible = True
