0.6473 	WARNING 	We strongly recommend you activate the PTB sound engine in PsychoPy prefs as the preferred audio engine. Its timing is vastly superior. Your prefs are currently set to use ['sounddevice', 'PTB', 'pyo', 'pygame'] (in that order).
4.4426 	WARNING 	User requested fullscreen with size [1024  768], but screen is actually [2560, 1440]. Using actual size
4.9532 	EXP 	Created window1 = Window(allowGUI=False, allowStencil=False, autoLog=True, backendConf=UNKNOWN, bitsMode=UNKNOWN, blendMode='avg', bpc=(8, 8, 8), color=array([0, 0, 0]), colorSpace='rgb', depthBits=8, fullscr=<method-wrapper '__getattribute__' of attributeSetter object at 0x7f9edc4f8b38>, gamma=None, gammaErrorPolicy='raise', lms=UNKNOWN, monitor=<psychopy.monitors.calibTools.Monitor object at 0x7f9edc012be0>, multiSample=False, name='window1', numSamples=2, pos=[640.0, 360.0], screen=0, size=array([5120, 2880]), stencilBits=0, stereo=False, units='height', useFBO=True, useRetina=True, viewOri=0.0, viewPos=None, viewScale=None, waitBlanking=True, winType='pyglet')
4.9533 	EXP 	window1: mouseVisible = True
4.9533 	EXP 	window1: recordFrameIntervals = False
5.1196 	EXP 	window1: recordFrameIntervals = True
5.3030 	EXP 	window1: recordFrameIntervals = False
5.6365 	EXP 	Created text = TextStim(__class__=<class 'psychopy.visual.text.TextStim'>, alignHoriz=method-wrapper(...), alignText='center', alignVert=method-wrapper(...), anchorHoriz='center', anchorVert='center', antialias=True, autoLog=True, bold=False, color=array([1., 1., 1.]), colorSpace='rgb', contrast=1.0, depth=0.0, flipHoriz=False, flipVert=False, font='Open Sans', fontFiles=[], height=0.1, italic=False, languageStyle='LTR', name='text', opacity=1, ori=0.0, pos=array([0., 0.]), rgb=UNKNOWN, text=str(...), units='height', win=Window(...), wrapWidth=1)
9.6949 	EXP 	Created polygon = ShapeStim(__class__=<class 'psychopy.visual.shape.ShapeStim'>, autoDraw=False, autoLog=True, closeShape=True, color=method-wrapper(...), colorSpace='rgb', contrast=None, depth=0.0, fillColor=array([1, 1, 1]), fillColorSpace='rgb', fillRGB=array([1, 1, 1]), interpolate=True, lineColor=array([1., 1., 1.]), lineColorSpace='rgb', lineRGB=array([1, 1, 1]), lineWidth=0.3, name='polygon', opacity=1, ori=0.0, pos=array([0., 0.]), size=array([0.1, 0.1]), units='height', vertices=ndarray(...), win=Window(...), windingRule=None)
10.0697 	EXP 	Sound sound_1 set volume 1.000
10.0716 	EXP 	Created polygon_3 = ShapeStim(__class__=<class 'psychopy.visual.shape.ShapeStim'>, autoDraw=False, autoLog=True, closeShape=True, color=method-wrapper(...), colorSpace='rgb', contrast=None, depth=0.0, fillColor=array([1, 1, 1]), fillColorSpace='rgb', fillRGB=array([1, 1, 1]), interpolate=True, lineColor=array([1., 1., 1.]), lineColorSpace='rgb', lineRGB=array([1, 1, 1]), lineWidth=1.0, name='polygon_3', opacity=1, ori=0.0, pos=array([0., 0.]), size=array([0.1, 0.1]), units='height', vertices=ndarray(...), win=Window(...), windingRule=None)
10.0753 	EXP 	Sound sound_2 set volume 1.000
10.0772 	EXP 	Created polygon_4 = ShapeStim(__class__=<class 'psychopy.visual.shape.ShapeStim'>, autoDraw=False, autoLog=True, closeShape=True, color=method-wrapper(...), colorSpace='rgb', contrast=None, depth=0.0, fillColor=array([1, 1, 1]), fillColorSpace='rgb', fillRGB=array([1, 1, 1]), interpolate=True, lineColor=array([1., 1., 1.]), lineColorSpace='rgb', lineRGB=array([1, 1, 1]), lineWidth=1.0, name='polygon_4', opacity=1, ori=0.0, pos=array([0., 0.]), size=array([0.1, 0.1]), units='height', vertices=ndarray(...), win=Window(...), windingRule=None)
10.0772 	EXP 	Sound sound_3 set volume 1.000
10.0792 	EXP 	Created polygon_2 = ShapeStim(__class__=<class 'psychopy.visual.shape.ShapeStim'>, autoDraw=False, autoLog=True, closeShape=True, color=method-wrapper(...), colorSpace='rgb', contrast=None, depth=0.0, fillColor=array([1, 1, 1]), fillColorSpace='rgb', fillRGB=array([1, 1, 1]), interpolate=True, lineColor=array([1., 1., 1.]), lineColorSpace='rgb', lineRGB=array([1, 1, 1]), lineWidth=1.0, name='polygon_2', opacity=1, ori=0.0, pos=array([0., 0.]), size=array([0.5, 0.5]), units='height', vertices=ndarray(...), win=Window(...), windingRule=None)
10.1085 	EXP 	Sound sound_4 set volume 1.000
10.1104 	EXP 	Created polygon_5 = ShapeStim(__class__=<class 'psychopy.visual.shape.ShapeStim'>, autoDraw=False, autoLog=True, closeShape=True, color=method-wrapper(...), colorSpace='rgb', contrast=None, depth=-1.0, fillColor=array([1, 1, 1]), fillColorSpace='rgb', fillRGB=array([1, 1, 1]), interpolate=True, lineColor=array([1., 1., 1.]), lineColorSpace='rgb', lineRGB=array([1, 1, 1]), lineWidth=1.0, name='polygon_5', opacity=1, ori=0.0, pos=array([0., 0.]), size=array([0.1, 0.1]), units='height', vertices=ndarray(...), win=Window(...), windingRule=None)
10.1104 	EXP 	Sound sound_5 set volume 1.000
10.1166 	EXP 	Created text_2 = TextStim(__class__=<class 'psychopy.visual.text.TextStim'>, alignHoriz=method-wrapper(...), alignText='center', alignVert=method-wrapper(...), anchorHoriz='center', anchorVert='center', antialias=True, autoLog=True, bold=False, color=array([1., 1., 1.]), colorSpace='rgb', contrast=1.0, depth=-1.0, flipHoriz=False, flipVert=False, font='Open Sans', fontFiles=[], height=0.1, italic=False, languageStyle='LTR', name='text_2', opacity=1, ori=0.0, pos=array([0., 0.]), rgb=UNKNOWN, text='Thank You!!\n', units='height', win=Window(...), wrapWidth=1)
10.1393 	EXP 	text: autoDraw = True
12.7993 	EXP 	Imported loopTemplate1.xlsx as conditions, 11 conditions, 6 params
12.7997 	EXP 	Created sequence: sequential, trialTypes=11, nReps=1, seed=None
12.8000 	EXP 	New trial (rep=0, index=0): {'sound_files': 'Audio/820.0.wav', 'answer': 'lshift', 'first_time': 4, 'second_time': 8, 'third_time': 12, 'fourth_time': 6}
12.8097 	DATA 	Keypress: space
12.8141 	EXP 	text: autoDraw = False
12.8141 	EXP 	polygon: autoDraw = True
15.8224 	EXP 	polygon: autoDraw = False
15.8224 	EXP 	polygon: autoDraw = False
15.8224 	EXP 	polygon_3: autoDraw = True
19.8238 	EXP 	polygon_3: autoDraw = False
19.8238 	EXP 	polygon_4: autoDraw = True
23.8251 	EXP 	polygon_4: autoDraw = False
23.8251 	EXP 	polygon_2: autoDraw = True
25.5614 	DATA 	Keypress: lshift
25.5754 	EXP 	polygon_2: autoDraw = False
25.5754 	EXP 	polygon_5: autoDraw = True
35.5626 	EXP 	New trial (rep=0, index=1): {'sound_files': 'Audio/826.0.wav', 'answer': 'lshift', 'first_time': 5, 'second_time': 9, 'third_time': 13, 'fourth_time': 10}
35.5784 	EXP 	polygon_5: autoDraw = False
35.5784 	EXP 	polygon_5: autoDraw = False
35.5784 	EXP 	polygon: autoDraw = True
37.5784 	EXP 	polygon: autoDraw = False
37.5784 	EXP 	polygon: autoDraw = False
37.5784 	EXP 	polygon_3: autoDraw = True
41.5799 	EXP 	polygon_3: autoDraw = False
41.5799 	EXP 	polygon_4: autoDraw = True
45.5811 	EXP 	polygon_4: autoDraw = False
45.5811 	EXP 	polygon_2: autoDraw = True
49.2521 	DATA 	Keypress: rshift
49.2657 	EXP 	polygon_2: autoDraw = False
49.2657 	EXP 	polygon_5: autoDraw = True
58.2514 	EXP 	New trial (rep=0, index=2): {'sound_files': 'Audio/832.0.wav', 'answer': 'lshift', 'first_time': 6, 'second_time': 10, 'third_time': 14, 'fourth_time': 8}
58.2677 	EXP 	polygon_5: autoDraw = False
58.2677 	EXP 	polygon_5: autoDraw = False
58.2677 	EXP 	polygon: autoDraw = True
64.2700 	EXP 	polygon: autoDraw = False
64.2700 	EXP 	polygon: autoDraw = False
64.2700 	EXP 	polygon_3: autoDraw = True
68.2705 	EXP 	polygon_3: autoDraw = False
68.2705 	EXP 	polygon_3: autoDraw = False
68.2705 	EXP 	polygon_4: autoDraw = True
72.2719 	EXP 	polygon_4: autoDraw = False
72.2719 	EXP 	polygon_2: autoDraw = True
73.4577 	DATA 	Keypress: lshift
73.4719 	EXP 	polygon_2: autoDraw = False
73.4719 	EXP 	polygon_5: autoDraw = True
74.5746 	DATA 	Keypress: escape
75.5226 	EXP 	window1: mouseVisible = True
