0.7044 	WARNING 	We strongly recommend you activate the PTB sound engine in PsychoPy prefs as the preferred audio engine. Its timing is vastly superior. Your prefs are currently set to use ['sounddevice', 'PTB', 'pyo', 'pygame'] (in that order).
4.8124 	WARNING 	User requested fullscreen with size [1024  768], but screen is actually [2560, 1440]. Using actual size
5.3159 	EXP 	Created window1 = Window(allowGUI=False, allowStencil=False, autoLog=True, backendConf=UNKNOWN, bitsMode=UNKNOWN, blendMode='avg', bpc=(8, 8, 8), color=array([0, 0, 0]), colorSpace='rgb', depthBits=8, fullscr=<method-wrapper '__getattribute__' of attributeSetter object at 0x7f92bf32db70>, gamma=None, gammaErrorPolicy='raise', lms=UNKNOWN, monitor=<psychopy.monitors.calibTools.Monitor object at 0x7f92abb02c18>, multiSample=False, name='window1', numSamples=2, pos=[640.0, 360.0], screen=0, size=array([5120, 2880]), stencilBits=0, stereo=False, units='height', useFBO=True, useRetina=True, viewOri=0.0, viewPos=None, viewScale=None, waitBlanking=True, winType='pyglet')
5.3161 	EXP 	window1: mouseVisible = True
5.3161 	EXP 	window1: recordFrameIntervals = False
5.4822 	EXP 	window1: recordFrameIntervals = True
5.6656 	EXP 	window1: recordFrameIntervals = False
6.1192 	EXP 	Created text = TextStim(__class__=<class 'psychopy.visual.text.TextStim'>, alignHoriz=method-wrapper(...), alignText='center', alignVert=method-wrapper(...), anchorHoriz='center', anchorVert='center', antialias=True, autoLog=True, bold=False, color=array([1., 1., 1.]), colorSpace='rgb', contrast=1.0, depth=0.0, flipHoriz=False, flipVert=False, font='Open Sans', fontFiles=[], height=0.1, italic=False, languageStyle='LTR', name='text', opacity=1, ori=0.0, pos=array([0., 0.]), rgb=UNKNOWN, text=str(...), units='height', win=Window(...), wrapWidth=1)
10.1860 	EXP 	Created polygon = ShapeStim(__class__=<class 'psychopy.visual.shape.ShapeStim'>, autoDraw=False, autoLog=True, closeShape=True, color=method-wrapper(...), colorSpace='rgb', contrast=None, depth=0.0, fillColor=array([1, 1, 1]), fillColorSpace='rgb', fillRGB=array([1, 1, 1]), interpolate=True, lineColor=array([1., 1., 1.]), lineColorSpace='rgb', lineRGB=array([1, 1, 1]), lineWidth=0.3, name='polygon', opacity=1, ori=0.0, pos=array([0., 0.]), size=array([0.1, 0.1]), units='height', vertices=ndarray(...), win=Window(...), windingRule=None)
10.5646 	EXP 	Sound sound_1 set volume 1.000
10.5680 	EXP 	Created polygon_3 = ShapeStim(__class__=<class 'psychopy.visual.shape.ShapeStim'>, autoDraw=False, autoLog=True, closeShape=True, color=method-wrapper(...), colorSpace='rgb', contrast=None, depth=0.0, fillColor=array([1, 1, 1]), fillColorSpace='rgb', fillRGB=array([1, 1, 1]), interpolate=True, lineColor=array([1., 1., 1.]), lineColorSpace='rgb', lineRGB=array([1, 1, 1]), lineWidth=1.0, name='polygon_3', opacity=1, ori=0.0, pos=array([0., 0.]), size=array([0.1, 0.1]), units='height', vertices=ndarray(...), win=Window(...), windingRule=None)
10.5716 	EXP 	Sound sound_2 set volume 1.000
10.5736 	EXP 	Created polygon_4 = ShapeStim(__class__=<class 'psychopy.visual.shape.ShapeStim'>, autoDraw=False, autoLog=True, closeShape=True, color=method-wrapper(...), colorSpace='rgb', contrast=None, depth=0.0, fillColor=array([1, 1, 1]), fillColorSpace='rgb', fillRGB=array([1, 1, 1]), interpolate=True, lineColor=array([1., 1., 1.]), lineColorSpace='rgb', lineRGB=array([1, 1, 1]), lineWidth=1.0, name='polygon_4', opacity=1, ori=0.0, pos=array([0., 0.]), size=array([0.1, 0.1]), units='height', vertices=ndarray(...), win=Window(...), windingRule=None)
10.5737 	EXP 	Sound sound_3 set volume 1.000
10.5757 	EXP 	Created polygon_2 = ShapeStim(__class__=<class 'psychopy.visual.shape.ShapeStim'>, autoDraw=False, autoLog=True, closeShape=True, color=method-wrapper(...), colorSpace='rgb', contrast=None, depth=0.0, fillColor=array([1, 1, 1]), fillColorSpace='rgb', fillRGB=array([1, 1, 1]), interpolate=True, lineColor=array([1., 1., 1.]), lineColorSpace='rgb', lineRGB=array([1, 1, 1]), lineWidth=1.0, name='polygon_2', opacity=1, ori=0.0, pos=array([0., 0.]), size=array([0.1, 0.1]), units='height', vertices=ndarray(...), win=Window(...), windingRule=None)
10.6045 	EXP 	Sound sound_4 set volume 1.000
10.6064 	EXP 	Created polygon_5 = ShapeStim(__class__=<class 'psychopy.visual.shape.ShapeStim'>, autoDraw=False, autoLog=True, closeShape=True, color=method-wrapper(...), colorSpace='rgb', contrast=None, depth=-1.0, fillColor=array([1, 1, 1]), fillColorSpace='rgb', fillRGB=array([1, 1, 1]), interpolate=True, lineColor=array([1., 1., 1.]), lineColorSpace='rgb', lineRGB=array([1, 1, 1]), lineWidth=1.0, name='polygon_5', opacity=1, ori=0.0, pos=array([0., 0.]), size=array([0.1, 0.1]), units='height', vertices=ndarray(...), win=Window(...), windingRule=None)
10.6064 	EXP 	Sound sound_5 set volume 1.000
10.6132 	EXP 	Created text_2 = TextStim(__class__=<class 'psychopy.visual.text.TextStim'>, alignHoriz=method-wrapper(...), alignText='center', alignVert=method-wrapper(...), anchorHoriz='center', anchorVert='center', antialias=True, autoLog=True, bold=False, color=array([1., 1., 1.]), colorSpace='rgb', contrast=1.0, depth=-1.0, flipHoriz=False, flipVert=False, font='Open Sans', fontFiles=[], height=0.1, italic=False, languageStyle='LTR', name='text_2', opacity=1, ori=0.0, pos=array([0., 0.]), rgb=UNKNOWN, text='Thank You!!\n', units='height', win=Window(...), wrapWidth=1)
10.6356 	EXP 	text: autoDraw = True
13.5466 	EXP 	Imported loopTemplate1.xlsx as conditions, 999 conditions, 6 params
13.5490 	EXP 	Created sequence: sequential, trialTypes=999, nReps=1, seed=None
13.5493 	EXP 	New trial (rep=0, index=0): {'sound_files': 'Audio/820.0.wav', 'answer': 'z', 'first_time': 4.0, 'second_time': 8.0, 'third_time': 12.0, 'fourth_time': 6.0}
13.5591 	DATA 	Keypress: space
13.5704 	EXP 	text: autoDraw = False
13.5704 	EXP 	polygon: autoDraw = True
19.5696 	EXP 	polygon: autoDraw = False
19.5696 	EXP 	polygon: autoDraw = False
19.5696 	EXP 	polygon_3: autoDraw = True
23.5710 	EXP 	polygon_3: autoDraw = False
23.5710 	EXP 	polygon_3: autoDraw = False
23.5710 	EXP 	polygon_4: autoDraw = True
27.5714 	EXP 	polygon_4: autoDraw = False
27.5714 	EXP 	polygon_2: autoDraw = True
31.0445 	DATA 	Keypress: z
31.0562 	EXP 	polygon_2: autoDraw = False
31.0562 	EXP 	polygon_5: autoDraw = True
39.0433 	EXP 	New trial (rep=0, index=1): {'sound_files': 'Audio/826.0.wav', 'answer': 'z', 'first_time': 5.0, 'second_time': 9.0, 'third_time': 13.0, 'fourth_time': 10.0}
39.0587 	EXP 	polygon_5: autoDraw = False
39.0587 	EXP 	polygon_5: autoDraw = False
39.0587 	EXP 	polygon: autoDraw = True
45.0601 	EXP 	polygon: autoDraw = False
45.0601 	EXP 	polygon: autoDraw = False
45.0601 	EXP 	polygon_3: autoDraw = True
49.0615 	EXP 	polygon_3: autoDraw = False
49.0615 	EXP 	polygon_4: autoDraw = True
53.0628 	EXP 	polygon_4: autoDraw = False
53.0628 	EXP 	polygon_2: autoDraw = True
56.3346 	DATA 	Keypress: z
56.3467 	EXP 	polygon_2: autoDraw = False
56.3467 	EXP 	polygon_5: autoDraw = True
64.3330 	EXP 	New trial (rep=0, index=2): {'sound_files': 'Audio/832.0.wav', 'answer': 'z', 'first_time': 6.0, 'second_time': 10.0, 'third_time': 14.0, 'fourth_time': 8.0}
64.3491 	EXP 	polygon_5: autoDraw = False
64.3491 	EXP 	polygon_5: autoDraw = False
64.3491 	EXP 	polygon: autoDraw = True
66.3494 	EXP 	polygon: autoDraw = False
66.3494 	EXP 	polygon: autoDraw = False
66.3494 	EXP 	polygon_3: autoDraw = True
70.3509 	EXP 	polygon_3: autoDraw = False
70.3509 	EXP 	polygon_4: autoDraw = True
74.3521 	EXP 	polygon_4: autoDraw = False
74.3521 	EXP 	polygon_2: autoDraw = True
77.3968 	DATA 	Keypress: right
77.4024 	EXP 	polygon_2: autoDraw = False
77.4024 	EXP 	polygon_5: autoDraw = True
78.7904 	DATA 	Keypress: escape
79.7153 	EXP 	window1: mouseVisible = True
