0.6113 	WARNING 	We strongly recommend you activate the PTB sound engine in PsychoPy prefs as the preferred audio engine. Its timing is vastly superior. Your prefs are currently set to use ['sounddevice', 'PTB', 'pyo', 'pygame'] (in that order).
4.4747 	WARNING 	User requested fullscreen with size [1024  768], but screen is actually [2560, 1440]. Using actual size
4.9807 	EXP 	Created window1 = Window(allowGUI=False, allowStencil=False, autoLog=True, backendConf=UNKNOWN, bitsMode=UNKNOWN, blendMode='avg', bpc=(8, 8, 8), color=array([0, 0, 0]), colorSpace='rgb', depthBits=8, fullscr=<method-wrapper '__getattribute__' of attributeSetter object at 0x7ffbbcf81ba8>, gamma=None, gammaErrorPolicy='raise', lms=UNKNOWN, monitor=<psychopy.monitors.calibTools.Monitor object at 0x7ffbbcdb3c50>, multiSample=False, name='window1', numSamples=2, pos=[640.0, 360.0], screen=0, size=array([5120, 2880]), stencilBits=0, stereo=False, units='height', useFBO=True, useRetina=True, viewOri=0.0, viewPos=None, viewScale=None, waitBlanking=True, winType='pyglet')
4.9808 	EXP 	window1: mouseVisible = True
4.9808 	EXP 	window1: recordFrameIntervals = False
5.1470 	EXP 	window1: recordFrameIntervals = True
5.3305 	EXP 	window1: recordFrameIntervals = False
5.6751 	EXP 	Created text = TextStim(__class__=<class 'psychopy.visual.text.TextStim'>, alignHoriz=method-wrapper(...), alignText='center', alignVert=method-wrapper(...), anchorHoriz='center', anchorVert='center', antialias=True, autoLog=True, bold=False, color=array([1., 1., 1.]), colorSpace='rgb', contrast=1.0, depth=0.0, flipHoriz=False, flipVert=False, font='Open Sans', fontFiles=[], height=0.1, italic=False, languageStyle='LTR', name='text', opacity=1, ori=0.0, pos=array([0., 0.]), rgb=UNKNOWN, text=str(...), units='height', win=Window(...), wrapWidth=1)
9.7333 	EXP 	Created polygon = ShapeStim(__class__=<class 'psychopy.visual.shape.ShapeStim'>, autoDraw=False, autoLog=True, closeShape=True, color=method-wrapper(...), colorSpace='rgb', contrast=None, depth=0.0, fillColor=array([1, 1, 1]), fillColorSpace='rgb', fillRGB=array([1, 1, 1]), interpolate=True, lineColor=array([1., 1., 1.]), lineColorSpace='rgb', lineRGB=array([1, 1, 1]), lineWidth=0.3, name='polygon', opacity=1, ori=0.0, pos=array([0., 0.]), size=array([0.1, 0.1]), units='height', vertices=ndarray(...), win=Window(...), windingRule=None)
10.1072 	EXP 	Sound sound_1 set volume 1.000
10.1106 	EXP 	Created polygon_3 = ShapeStim(__class__=<class 'psychopy.visual.shape.ShapeStim'>, autoDraw=False, autoLog=True, closeShape=True, color=method-wrapper(...), colorSpace='rgb', contrast=None, depth=0.0, fillColor=array([1, 1, 1]), fillColorSpace='rgb', fillRGB=array([1, 1, 1]), interpolate=True, lineColor=array([1., 1., 1.]), lineColorSpace='rgb', lineRGB=array([1, 1, 1]), lineWidth=1.0, name='polygon_3', opacity=1, ori=0.0, pos=array([0., 0.]), size=array([0.1, 0.1]), units='height', vertices=ndarray(...), win=Window(...), windingRule=None)
10.1140 	EXP 	Sound sound_2 set volume 1.000
10.1159 	EXP 	Created polygon_4 = ShapeStim(__class__=<class 'psychopy.visual.shape.ShapeStim'>, autoDraw=False, autoLog=True, closeShape=True, color=method-wrapper(...), colorSpace='rgb', contrast=None, depth=0.0, fillColor=array([1, 1, 1]), fillColorSpace='rgb', fillRGB=array([1, 1, 1]), interpolate=True, lineColor=array([1., 1., 1.]), lineColorSpace='rgb', lineRGB=array([1, 1, 1]), lineWidth=1.0, name='polygon_4', opacity=1, ori=0.0, pos=array([0., 0.]), size=array([0.1, 0.1]), units='height', vertices=ndarray(...), win=Window(...), windingRule=None)
10.1160 	EXP 	Sound sound_3 set volume 1.000
10.1179 	EXP 	Created polygon_2 = ShapeStim(__class__=<class 'psychopy.visual.shape.ShapeStim'>, autoDraw=False, autoLog=True, closeShape=True, color=method-wrapper(...), colorSpace='rgb', contrast=None, depth=0.0, fillColor=array([1, 1, 1]), fillColorSpace='rgb', fillRGB=array([1, 1, 1]), interpolate=True, lineColor=array([1., 1., 1.]), lineColorSpace='rgb', lineRGB=array([1, 1, 1]), lineWidth=1.0, name='polygon_2', opacity=1, ori=0.0, pos=array([0., 0.]), size=array([0.1, 0.1]), units='height', vertices=ndarray(...), win=Window(...), windingRule=None)
10.1468 	EXP 	Sound sound_4 set volume 1.000
10.1487 	EXP 	Created polygon_5 = ShapeStim(__class__=<class 'psychopy.visual.shape.ShapeStim'>, autoDraw=False, autoLog=True, closeShape=True, color=method-wrapper(...), colorSpace='rgb', contrast=None, depth=-1.0, fillColor=array([1, 1, 1]), fillColorSpace='rgb', fillRGB=array([1, 1, 1]), interpolate=True, lineColor=array([1., 1., 1.]), lineColorSpace='rgb', lineRGB=array([1, 1, 1]), lineWidth=1.0, name='polygon_5', opacity=1, ori=0.0, pos=array([0., 0.]), size=array([0.1, 0.1]), units='height', vertices=ndarray(...), win=Window(...), windingRule=None)
10.1487 	EXP 	Sound sound_5 set volume 1.000
10.1545 	EXP 	Created text_2 = TextStim(__class__=<class 'psychopy.visual.text.TextStim'>, alignHoriz=method-wrapper(...), alignText='center', alignVert=method-wrapper(...), anchorHoriz='center', anchorVert='center', antialias=True, autoLog=True, bold=False, color=array([1., 1., 1.]), colorSpace='rgb', contrast=1.0, depth=-1.0, flipHoriz=False, flipVert=False, font='Open Sans', fontFiles=[], height=0.1, italic=False, languageStyle='LTR', name='text_2', opacity=1, ori=0.0, pos=array([0., 0.]), rgb=UNKNOWN, text='Thank You!!\n', units='height', win=Window(...), wrapWidth=1)
10.1679 	EXP 	text: autoDraw = True
12.6475 	EXP 	Imported loopTemplate1.xlsx as conditions, 999 conditions, 6 params
12.6500 	EXP 	Created sequence: sequential, trialTypes=999, nReps=1, seed=None
12.6502 	EXP 	New trial (rep=0, index=0): {'sound_files': 'Audio/820.0.wav', 'answer': 'z', 'first_time': 4.0, 'second_time': 8.0, 'third_time': 12.0, 'fourth_time': 6.0}
12.6602 	DATA 	Keypress: space
12.6685 	EXP 	text: autoDraw = False
12.6685 	EXP 	polygon: autoDraw = True
16.6829 	EXP 	polygon: autoDraw = False
16.6829 	EXP 	polygon: autoDraw = False
16.6829 	EXP 	polygon_3: autoDraw = True
20.6843 	EXP 	polygon_3: autoDraw = False
20.6843 	EXP 	polygon_3: autoDraw = False
20.6843 	EXP 	polygon_4: autoDraw = True
24.6857 	EXP 	polygon_4: autoDraw = False
24.6857 	EXP 	polygon_2: autoDraw = True
26.7937 	DATA 	Keypress: z
26.8026 	EXP 	polygon_2: autoDraw = False
26.8026 	EXP 	polygon_5: autoDraw = True
34.7901 	EXP 	New trial (rep=0, index=1): {'sound_files': 'Audio/826.0.wav', 'answer': 'z', 'first_time': 5.0, 'second_time': 9.0, 'third_time': 13.0, 'fourth_time': 10.0}
34.8051 	EXP 	polygon_5: autoDraw = False
34.8051 	EXP 	polygon_5: autoDraw = False
34.8051 	EXP 	polygon: autoDraw = True
38.7943 	EXP 	polygon: autoDraw = False
38.7943 	EXP 	polygon: autoDraw = False
38.7943 	EXP 	polygon_3: autoDraw = True
42.7897 	EXP 	polygon_3: autoDraw = False
42.7897 	EXP 	polygon_3: autoDraw = False
42.7897 	EXP 	polygon_4: autoDraw = True
46.7916 	EXP 	polygon_4: autoDraw = False
46.7916 	EXP 	polygon_4: autoDraw = False
46.7916 	EXP 	polygon_2: autoDraw = True
48.7336 	DATA 	Keypress: right
48.7376 	EXP 	polygon_2: autoDraw = False
48.7376 	EXP 	polygon_5: autoDraw = True
50.0609 	DATA 	Keypress: escape
50.9876 	EXP 	window1: mouseVisible = True
