0.6519 	WARNING 	We strongly recommend you activate the PTB sound engine in PsychoPy prefs as the preferred audio engine. Its timing is vastly superior. Your prefs are currently set to use ['sounddevice', 'PTB', 'pyo', 'pygame'] (in that order).
4.5714 	WARNING 	User requested fullscreen with size [1024  768], but screen is actually [2560, 1440]. Using actual size
5.0944 	EXP 	Created window1 = Window(allowGUI=False, allowStencil=False, autoLog=True, backendConf=UNKNOWN, bitsMode=UNKNOWN, blendMode='avg', bpc=(8, 8, 8), color=array([0, 0, 0]), colorSpace='rgb', depthBits=8, fullscr=<method-wrapper '__getattribute__' of attributeSetter object at 0x7fb75f058b70>, gamma=None, gammaErrorPolicy='raise', lms=UNKNOWN, monitor=<psychopy.monitors.calibTools.Monitor object at 0x7fb75f8e3c18>, multiSample=False, name='window1', numSamples=2, pos=[640.0, 360.0], screen=0, size=array([5120, 2880]), stencilBits=0, stereo=False, units='height', useFBO=True, useRetina=True, viewOri=0.0, viewPos=None, viewScale=None, waitBlanking=True, winType='pyglet')
5.0945 	EXP 	window1: mouseVisible = True
5.0946 	EXP 	window1: recordFrameIntervals = False
5.2593 	EXP 	window1: recordFrameIntervals = True
5.4427 	EXP 	window1: recordFrameIntervals = False
5.7821 	EXP 	Created text = TextStim(__class__=<class 'psychopy.visual.text.TextStim'>, alignHoriz=method-wrapper(...), alignText='center', alignVert=method-wrapper(...), anchorHoriz='center', anchorVert='center', antialias=True, autoLog=True, bold=False, color=array([1., 1., 1.]), colorSpace='rgb', contrast=1.0, depth=0.0, flipHoriz=False, flipVert=False, font='Open Sans', fontFiles=[], height=0.1, italic=False, languageStyle='LTR', name='text', opacity=1, ori=0.0, pos=array([0., 0.]), rgb=UNKNOWN, text=str(...), units='height', win=Window(...), wrapWidth=1)
9.8367 	EXP 	Created polygon = ShapeStim(__class__=<class 'psychopy.visual.shape.ShapeStim'>, autoDraw=False, autoLog=True, closeShape=True, color=method-wrapper(...), colorSpace='rgb', contrast=None, depth=0.0, fillColor=array([1, 1, 1]), fillColorSpace='rgb', fillRGB=array([1, 1, 1]), interpolate=True, lineColor=array([1., 1., 1.]), lineColorSpace='rgb', lineRGB=array([1, 1, 1]), lineWidth=0.3, name='polygon', opacity=1, ori=0.0, pos=array([0., 0.]), size=array([0.1, 0.1]), units='height', vertices=ndarray(...), win=Window(...), windingRule=None)
10.2108 	EXP 	Sound sound_1 set volume 1.000
10.2128 	EXP 	Created polygon_3 = ShapeStim(__class__=<class 'psychopy.visual.shape.ShapeStim'>, autoDraw=False, autoLog=True, closeShape=True, color=method-wrapper(...), colorSpace='rgb', contrast=None, depth=0.0, fillColor=array([1, 1, 1]), fillColorSpace='rgb', fillRGB=array([1, 1, 1]), interpolate=True, lineColor=array([1., 1., 1.]), lineColorSpace='rgb', lineRGB=array([1, 1, 1]), lineWidth=1.0, name='polygon_3', opacity=1, ori=0.0, pos=array([0., 0.]), size=array([0.1, 0.1]), units='height', vertices=ndarray(...), win=Window(...), windingRule=None)
10.2176 	EXP 	Sound sound_2 set volume 1.000
10.2196 	EXP 	Created polygon_4 = ShapeStim(__class__=<class 'psychopy.visual.shape.ShapeStim'>, autoDraw=False, autoLog=True, closeShape=True, color=method-wrapper(...), colorSpace='rgb', contrast=None, depth=0.0, fillColor=array([1, 1, 1]), fillColorSpace='rgb', fillRGB=array([1, 1, 1]), interpolate=True, lineColor=array([1., 1., 1.]), lineColorSpace='rgb', lineRGB=array([1, 1, 1]), lineWidth=1.0, name='polygon_4', opacity=1, ori=0.0, pos=array([0., 0.]), size=array([0.1, 0.1]), units='height', vertices=ndarray(...), win=Window(...), windingRule=None)
10.2197 	EXP 	Sound sound_3 set volume 1.000
10.2217 	EXP 	Created polygon_2 = ShapeStim(__class__=<class 'psychopy.visual.shape.ShapeStim'>, autoDraw=False, autoLog=True, closeShape=True, color=method-wrapper(...), colorSpace='rgb', contrast=None, depth=0.0, fillColor=array([1, 1, 1]), fillColorSpace='rgb', fillRGB=array([1, 1, 1]), interpolate=True, lineColor=array([1., 1., 1.]), lineColorSpace='rgb', lineRGB=array([1, 1, 1]), lineWidth=1.0, name='polygon_2', opacity=1, ori=0.0, pos=array([0., 0.]), size=array([0.1, 0.1]), units='height', vertices=ndarray(...), win=Window(...), windingRule=None)
10.2513 	EXP 	Sound sound_4 set volume 1.000
10.2533 	EXP 	Created polygon_5 = ShapeStim(__class__=<class 'psychopy.visual.shape.ShapeStim'>, autoDraw=False, autoLog=True, closeShape=True, color=method-wrapper(...), colorSpace='rgb', contrast=None, depth=-1.0, fillColor=array([1, 1, 1]), fillColorSpace='rgb', fillRGB=array([1, 1, 1]), interpolate=True, lineColor=array([1., 1., 1.]), lineColorSpace='rgb', lineRGB=array([1, 1, 1]), lineWidth=1.0, name='polygon_5', opacity=1, ori=0.0, pos=array([0., 0.]), size=array([0.1, 0.1]), units='height', vertices=ndarray(...), win=Window(...), windingRule=None)
10.2534 	EXP 	Sound sound_5 set volume 1.000
10.2601 	EXP 	Created text_2 = TextStim(__class__=<class 'psychopy.visual.text.TextStim'>, alignHoriz=method-wrapper(...), alignText='center', alignVert=method-wrapper(...), anchorHoriz='center', anchorVert='center', antialias=True, autoLog=True, bold=False, color=array([1., 1., 1.]), colorSpace='rgb', contrast=1.0, depth=-1.0, flipHoriz=False, flipVert=False, font='Open Sans', fontFiles=[], height=0.1, italic=False, languageStyle='LTR', name='text_2', opacity=1, ori=0.0, pos=array([0., 0.]), rgb=UNKNOWN, text='Thank You!!\n', units='height', win=Window(...), wrapWidth=1)
10.2685 	EXP 	text: autoDraw = True
15.8883 	EXP 	Imported loopTemplate1.xlsx as conditions, 999 conditions, 6 params
15.8909 	EXP 	Created sequence: sequential, trialTypes=999, nReps=1, seed=None
15.8912 	EXP 	New trial (rep=0, index=0): {'sound_files': 'Audio/820.0.wav', 'answer': 'lshift', 'first_time': 4.0, 'second_time': 8.0, 'third_time': 12.0, 'fourth_time': 6.0}
15.9061 	DATA 	Keypress: space
15.9109 	EXP 	text: autoDraw = False
15.9109 	EXP 	polygon: autoDraw = True
20.9136 	EXP 	polygon: autoDraw = False
20.9136 	EXP 	polygon: autoDraw = False
20.9136 	EXP 	polygon_3: autoDraw = True
24.9149 	EXP 	polygon_3: autoDraw = False
24.9149 	EXP 	polygon_3: autoDraw = False
24.9149 	EXP 	polygon_4: autoDraw = True
28.9162 	EXP 	polygon_4: autoDraw = False
28.9162 	EXP 	polygon_2: autoDraw = True
31.9207 	DATA 	Keypress: lshift
31.9332 	EXP 	polygon_2: autoDraw = False
31.9332 	EXP 	polygon_5: autoDraw = True
39.9208 	EXP 	New trial (rep=0, index=1): {'sound_files': 'Audio/826.0.wav', 'answer': 'lshift', 'first_time': 5.0, 'second_time': 9.0, 'third_time': 13.0, 'fourth_time': 10.0}
39.9359 	EXP 	polygon_5: autoDraw = False
39.9359 	EXP 	polygon_5: autoDraw = False
39.9359 	EXP 	polygon: autoDraw = True
42.9363 	EXP 	polygon: autoDraw = False
42.9363 	EXP 	polygon: autoDraw = False
42.9363 	EXP 	polygon_3: autoDraw = True
46.9376 	EXP 	polygon_3: autoDraw = False
46.9376 	EXP 	polygon_4: autoDraw = True
50.9389 	EXP 	polygon_4: autoDraw = False
50.9389 	EXP 	polygon_2: autoDraw = True
53.2440 	DATA 	Keypress: lshift
53.2557 	EXP 	polygon_2: autoDraw = False
53.2557 	EXP 	polygon_5: autoDraw = True
63.2425 	EXP 	New trial (rep=0, index=2): {'sound_files': 'Audio/832.0.wav', 'answer': 'lshift', 'first_time': 6.0, 'second_time': 10.0, 'third_time': 14.0, 'fourth_time': 8.0}
63.2587 	EXP 	polygon_5: autoDraw = False
63.2587 	EXP 	polygon_5: autoDraw = False
63.2587 	EXP 	polygon: autoDraw = True
65.2599 	EXP 	polygon: autoDraw = False
65.2599 	EXP 	polygon: autoDraw = False
65.2599 	EXP 	polygon_3: autoDraw = True
69.2610 	EXP 	polygon_3: autoDraw = False
69.2610 	EXP 	polygon_4: autoDraw = True
73.2616 	EXP 	polygon_4: autoDraw = False
73.2616 	EXP 	polygon_2: autoDraw = True
76.6660 	DATA 	Keypress: lshift
76.6796 	EXP 	polygon_2: autoDraw = False
76.6796 	EXP 	polygon_5: autoDraw = True
82.6650 	EXP 	New trial (rep=0, index=3): {'sound_files': 'Audio/838.0.wav', 'answer': 'lshift', 'first_time': 4.0, 'second_time': 8.0, 'third_time': 12.0, 'fourth_time': 9.0}
82.6811 	EXP 	polygon_5: autoDraw = False
82.6811 	EXP 	polygon_5: autoDraw = False
82.6811 	EXP 	polygon: autoDraw = True
86.6824 	EXP 	polygon: autoDraw = False
86.6824 	EXP 	polygon: autoDraw = False
86.6824 	EXP 	polygon_3: autoDraw = True
90.6836 	EXP 	polygon_3: autoDraw = False
90.6836 	EXP 	polygon_4: autoDraw = True
94.6851 	EXP 	polygon_4: autoDraw = False
94.6851 	EXP 	polygon_2: autoDraw = True
97.1216 	DATA 	Keypress: lshift
97.1370 	EXP 	polygon_2: autoDraw = False
97.1370 	EXP 	polygon_5: autoDraw = True
103.1207 	EXP 	New trial (rep=0, index=4): {'sound_files': 'Audio/844.0.wav', 'answer': 'lshift', 'first_time': 2.0, 'second_time': 6.0, 'third_time': 10.0, 'fourth_time': 7.0}
103.1369 	EXP 	polygon_5: autoDraw = False
103.1369 	EXP 	polygon_5: autoDraw = False
103.1369 	EXP 	polygon: autoDraw = True
109.1393 	EXP 	polygon: autoDraw = False
109.1393 	EXP 	polygon: autoDraw = False
109.1393 	EXP 	polygon_3: autoDraw = True
113.1398 	EXP 	polygon_3: autoDraw = False
113.1398 	EXP 	polygon_4: autoDraw = True
117.1410 	EXP 	polygon_4: autoDraw = False
117.1410 	EXP 	polygon_2: autoDraw = True
118.9131 	DATA 	Keypress: rshift
118.9255 	EXP 	polygon_2: autoDraw = False
118.9255 	EXP 	polygon_5: autoDraw = True
125.9110 	EXP 	New trial (rep=0, index=5): {'sound_files': 'Audio/850.0.wav', 'answer': 'rshift', 'first_time': 3.0, 'second_time': 7.0, 'third_time': 11.0, 'fourth_time': 8.0}
125.9271 	EXP 	polygon_5: autoDraw = False
125.9271 	EXP 	polygon_5: autoDraw = False
125.9271 	EXP 	polygon: autoDraw = True
127.9273 	EXP 	polygon: autoDraw = False
127.9273 	EXP 	polygon: autoDraw = False
127.9273 	EXP 	polygon_3: autoDraw = True
131.9288 	EXP 	polygon_3: autoDraw = False
131.9288 	EXP 	polygon_4: autoDraw = True
135.9300 	EXP 	polygon_4: autoDraw = False
135.9300 	EXP 	polygon_2: autoDraw = True
137.5171 	DATA 	Keypress: rshift
137.5303 	EXP 	polygon_2: autoDraw = False
137.5303 	EXP 	polygon_5: autoDraw = True
143.5165 	EXP 	New trial (rep=0, index=6): {'sound_files': 'Audio/856.0.wav', 'answer': 'rshift', 'first_time': 6.0, 'second_time': 10.0, 'third_time': 14.0, 'fourth_time': 6.0}
143.5326 	EXP 	polygon_5: autoDraw = False
143.5326 	EXP 	polygon_5: autoDraw = False
143.5326 	EXP 	polygon: autoDraw = True
148.5342 	EXP 	polygon: autoDraw = False
148.5342 	EXP 	polygon: autoDraw = False
148.5342 	EXP 	polygon_3: autoDraw = True
152.5349 	EXP 	polygon_3: autoDraw = False
152.5349 	EXP 	polygon_4: autoDraw = True
156.5359 	EXP 	polygon_4: autoDraw = False
156.5359 	EXP 	polygon_2: autoDraw = True
160.7398 	DATA 	Keypress: rshift
160.7539 	EXP 	polygon_2: autoDraw = False
160.7539 	EXP 	polygon_5: autoDraw = True
166.7395 	EXP 	New trial (rep=0, index=7): {'sound_files': 'Audio/862.0.wav', 'answer': 'rshift', 'first_time': 5.0, 'second_time': 9.0, 'third_time': 13.0, 'fourth_time': 10.0}
166.7556 	EXP 	polygon_5: autoDraw = False
166.7556 	EXP 	polygon_5: autoDraw = False
166.7556 	EXP 	polygon: autoDraw = True
172.7571 	EXP 	polygon: autoDraw = False
172.7571 	EXP 	polygon: autoDraw = False
172.7571 	EXP 	polygon_3: autoDraw = True
176.7584 	EXP 	polygon_3: autoDraw = False
176.7584 	EXP 	polygon_4: autoDraw = True
180.7597 	EXP 	polygon_4: autoDraw = False
180.7597 	EXP 	polygon_2: autoDraw = True
183.3132 	DATA 	Keypress: rshift
183.3172 	EXP 	polygon_2: autoDraw = False
183.3172 	EXP 	polygon_5: autoDraw = True
191.3006 	EXP 	New trial (rep=0, index=8): {'sound_files': 'Audio/868.0.wav', 'answer': 'rshift', 'first_time': 4.0, 'second_time': 8.0, 'third_time': 12.0, 'fourth_time': 9.0}
191.3128 	EXP 	polygon_5: autoDraw = False
191.3128 	EXP 	polygon_5: autoDraw = False
191.3128 	EXP 	polygon: autoDraw = True
195.3141 	EXP 	polygon: autoDraw = False
195.3141 	EXP 	polygon: autoDraw = False
195.3141 	EXP 	polygon_3: autoDraw = True
199.3158 	EXP 	polygon_3: autoDraw = False
199.3158 	EXP 	polygon_4: autoDraw = True
203.3158 	EXP 	polygon_4: autoDraw = False
203.3158 	EXP 	polygon_2: autoDraw = True
206.3366 	DATA 	Keypress: rshift
206.3504 	EXP 	polygon_2: autoDraw = False
206.3504 	EXP 	polygon_5: autoDraw = True
215.3369 	EXP 	New trial (rep=0, index=9): {'sound_files': 'Audio/874.0.wav', 'answer': 'rshift', 'first_time': 6.0, 'second_time': 10.0, 'third_time': 14.0, 'fourth_time': 8.0}
215.3531 	EXP 	polygon_5: autoDraw = False
215.3531 	EXP 	polygon_5: autoDraw = False
215.3531 	EXP 	polygon: autoDraw = True
217.3534 	EXP 	polygon: autoDraw = False
217.3534 	EXP 	polygon: autoDraw = False
217.3534 	EXP 	polygon_3: autoDraw = True
221.3547 	EXP 	polygon_3: autoDraw = False
221.3547 	EXP 	polygon_4: autoDraw = True
225.3560 	EXP 	polygon_4: autoDraw = False
225.3560 	EXP 	polygon_2: autoDraw = True
226.7085 	DATA 	Keypress: rshift
226.7228 	EXP 	polygon_2: autoDraw = False
226.7228 	EXP 	polygon_5: autoDraw = True
236.7098 	EXP 	New trial (rep=0, index=10): {'sound_files': 'Audio/880.0.wav', 'answer': 'rshift', 'first_time': 4.0, 'second_time': 8.0, 'third_time': 12.0, 'fourth_time': 6.0}
236.7258 	EXP 	polygon_5: autoDraw = False
236.7258 	EXP 	polygon_5: autoDraw = False
236.7258 	EXP 	polygon: autoDraw = True
240.7270 	EXP 	polygon: autoDraw = False
240.7270 	EXP 	polygon: autoDraw = False
240.7270 	EXP 	polygon_3: autoDraw = True
244.7284 	EXP 	polygon_3: autoDraw = False
244.7284 	EXP 	polygon_3: autoDraw = False
244.7284 	EXP 	polygon_4: autoDraw = True
248.7296 	EXP 	polygon_4: autoDraw = False
248.7296 	EXP 	polygon_2: autoDraw = True
250.5828 	DATA 	Keypress: rshift
250.5958 	EXP 	polygon_2: autoDraw = False
250.5958 	EXP 	polygon_5: autoDraw = True
260.5834 	EXP 	New trial (rep=0, index=11): {'sound_files': None, 'answer': None, 'first_time': None, 'second_time': None, 'third_time': None, 'fourth_time': None}
260.5995 	EXP 	polygon_5: autoDraw = False
260.5995 	EXP 	polygon_5: autoDraw = False
260.5995 	EXP 	polygon: autoDraw = True
265.6009 	EXP 	polygon: autoDraw = False
265.6009 	EXP 	polygon: autoDraw = False
265.6009 	EXP 	polygon_3: autoDraw = True
269.6022 	EXP 	polygon_3: autoDraw = False
269.6022 	EXP 	polygon_4: autoDraw = True
273.6039 	EXP 	polygon_4: autoDraw = False
273.6039 	EXP 	polygon_2: autoDraw = True
275.3230 	DATA 	Keypress: rshift
275.3372 	EXP 	polygon_2: autoDraw = False
275.3372 	EXP 	polygon_5: autoDraw = True
284.3237 	EXP 	New trial (rep=0, index=12): {'sound_files': None, 'answer': None, 'first_time': None, 'second_time': None, 'third_time': None, 'fourth_time': None}
284.3398 	EXP 	polygon_5: autoDraw = False
284.3398 	EXP 	polygon_5: autoDraw = False
284.3398 	EXP 	polygon: autoDraw = True
287.3402 	EXP 	polygon: autoDraw = False
287.3402 	EXP 	polygon: autoDraw = False
287.3402 	EXP 	polygon_3: autoDraw = True
291.3415 	EXP 	polygon_3: autoDraw = False
291.3415 	EXP 	polygon_4: autoDraw = True
295.3428 	EXP 	polygon_4: autoDraw = False
295.3428 	EXP 	polygon_2: autoDraw = True
296.7958 	DATA 	Keypress: lshift
296.8098 	EXP 	polygon_2: autoDraw = False
296.8098 	EXP 	polygon_5: autoDraw = True
302.7952 	EXP 	New trial (rep=0, index=13): {'sound_files': None, 'answer': None, 'first_time': None, 'second_time': None, 'third_time': None, 'fourth_time': None}
302.8116 	EXP 	polygon_5: autoDraw = False
302.8116 	EXP 	polygon_5: autoDraw = False
302.8116 	EXP 	polygon: autoDraw = True
305.8124 	EXP 	polygon: autoDraw = False
305.8124 	EXP 	polygon: autoDraw = False
305.8124 	EXP 	polygon_3: autoDraw = True
309.8138 	EXP 	polygon_3: autoDraw = False
309.8138 	EXP 	polygon_4: autoDraw = True
310.0650 	DATA 	Keypress: rshift
313.8150 	EXP 	polygon_4: autoDraw = False
313.8150 	EXP 	polygon_2: autoDraw = True
315.5178 	DATA 	Keypress: rshift
315.5320 	EXP 	polygon_2: autoDraw = False
315.5320 	EXP 	polygon_5: autoDraw = True
316.7506 	DATA 	Keypress: escape
317.7103 	EXP 	window1: mouseVisible = True
