1.1213 	WARNING 	We strongly recommend you activate the PTB sound engine in PsychoPy prefs as the preferred audio engine. Its timing is vastly superior. Your prefs are currently set to use ['sounddevice', 'PTB', 'pyo', 'pygame'] (in that order).
5.6641 	WARNING 	User requested fullscreen with size [1024  768], but screen is actually [2560, 1440]. Using actual size
6.3658 	EXP 	Created window1 = Window(allowGUI=False, allowStencil=False, autoLog=True, backendConf=UNKNOWN, bitsMode=UNKNOWN, blendMode='avg', bpc=(8, 8, 8), color=array([0, 0, 0]), colorSpace='rgb', depthBits=8, fullscr=<method-wrapper '__getattribute__' of attributeSetter object at 0x7f7f81ba5b38>, gamma=None, gammaErrorPolicy='raise', lms=UNKNOWN, monitor=<psychopy.monitors.calibTools.Monitor object at 0x7f7f56dec978>, multiSample=False, name='window1', numSamples=2, pos=[640.0, 360.0], screen=0, size=array([5120, 2880]), stencilBits=0, stereo=False, units='height', useFBO=True, useRetina=True, viewOri=0.0, viewPos=None, viewScale=None, waitBlanking=True, winType='pyglet')
6.3661 	EXP 	window1: mouseVisible = True
6.3662 	EXP 	window1: recordFrameIntervals = False
6.5320 	EXP 	window1: recordFrameIntervals = True
6.7155 	EXP 	window1: recordFrameIntervals = False
7.9063 	EXP 	Created text = TextStim(__class__=<class 'psychopy.visual.text.TextStim'>, alignHoriz=method-wrapper(...), alignText='center', alignVert=method-wrapper(...), anchorHoriz='center', anchorVert='center', antialias=True, autoLog=True, bold=False, color=array([1., 1., 1.]), colorSpace='rgb', contrast=1.0, depth=0.0, flipHoriz=False, flipVert=False, font='Open Sans', fontFiles=[], height=0.1, italic=False, languageStyle='LTR', name='text', opacity=1, ori=0.0, pos=array([0., 0.]), rgb=UNKNOWN, text=str(...), units='height', win=Window(...), wrapWidth=1)
10.0899 	EXP 	Created polygon = ShapeStim(__class__=<class 'psychopy.visual.shape.ShapeStim'>, autoDraw=False, autoLog=True, closeShape=True, color=method-wrapper(...), colorSpace='rgb', contrast=None, depth=0.0, fillColor=array([1, 1, 1]), fillColorSpace='rgb', fillRGB=array([1, 1, 1]), interpolate=True, lineColor=array([1., 1., 1.]), lineColorSpace='rgb', lineRGB=array([1, 1, 1]), lineWidth=0.3, name='polygon', opacity=1, ori=0.0, pos=array([0., 0.]), size=array([0.1, 0.1]), units='height', vertices=ndarray(...), win=Window(...), windingRule=None)
10.4738 	EXP 	Sound sound_1 set volume 1.000
10.4765 	EXP 	Created polygon_3 = ShapeStim(__class__=<class 'psychopy.visual.shape.ShapeStim'>, autoDraw=False, autoLog=True, closeShape=True, color=method-wrapper(...), colorSpace='rgb', contrast=None, depth=0.0, fillColor=array([1, 1, 1]), fillColorSpace='rgb', fillRGB=array([1, 1, 1]), interpolate=True, lineColor=array([1., 1., 1.]), lineColorSpace='rgb', lineRGB=array([1, 1, 1]), lineWidth=1.0, name='polygon_3', opacity=1, ori=0.0, pos=array([0., 0.]), size=array([0.1, 0.1]), units='height', vertices=ndarray(...), win=Window(...), windingRule=None)
10.4836 	EXP 	Sound sound_2 set volume 1.000
10.4864 	EXP 	Created polygon_4 = ShapeStim(__class__=<class 'psychopy.visual.shape.ShapeStim'>, autoDraw=False, autoLog=True, closeShape=True, color=method-wrapper(...), colorSpace='rgb', contrast=None, depth=0.0, fillColor=array([1, 1, 1]), fillColorSpace='rgb', fillRGB=array([1, 1, 1]), interpolate=True, lineColor=array([1., 1., 1.]), lineColorSpace='rgb', lineRGB=array([1, 1, 1]), lineWidth=1.0, name='polygon_4', opacity=1, ori=0.0, pos=array([0., 0.]), size=array([0.1, 0.1]), units='height', vertices=ndarray(...), win=Window(...), windingRule=None)
10.4865 	EXP 	Sound sound_3 set volume 1.000
10.4886 	EXP 	Created polygon_2 = ShapeStim(__class__=<class 'psychopy.visual.shape.ShapeStim'>, autoDraw=False, autoLog=True, closeShape=True, color=method-wrapper(...), colorSpace='rgb', contrast=None, depth=0.0, fillColor=array([1, 1, 1]), fillColorSpace='rgb', fillRGB=array([1, 1, 1]), interpolate=True, lineColor=array([1., 1., 1.]), lineColorSpace='rgb', lineRGB=array([1, 1, 1]), lineWidth=1.0, name='polygon_2', opacity=1, ori=0.0, pos=array([0., 0.]), size=array([0.1, 0.1]), units='height', vertices=ndarray(...), win=Window(...), windingRule=None)
10.6359 	EXP 	Sound sound_4 set volume 1.000
10.6382 	EXP 	Created polygon_5 = ShapeStim(__class__=<class 'psychopy.visual.shape.ShapeStim'>, autoDraw=False, autoLog=True, closeShape=True, color=method-wrapper(...), colorSpace='rgb', contrast=None, depth=-1.0, fillColor=array([1, 1, 1]), fillColorSpace='rgb', fillRGB=array([1, 1, 1]), interpolate=True, lineColor=array([1., 1., 1.]), lineColorSpace='rgb', lineRGB=array([1, 1, 1]), lineWidth=1.0, name='polygon_5', opacity=1, ori=0.0, pos=array([0., 0.]), size=array([0.1, 0.1]), units='height', vertices=ndarray(...), win=Window(...), windingRule=None)
10.6383 	EXP 	Sound sound_5 set volume 1.000
10.6522 	EXP 	Created text_2 = TextStim(__class__=<class 'psychopy.visual.text.TextStim'>, alignHoriz=method-wrapper(...), alignText='center', alignVert=method-wrapper(...), anchorHoriz='center', anchorVert='center', antialias=True, autoLog=True, bold=False, color=array([1., 1., 1.]), colorSpace='rgb', contrast=1.0, depth=0.0, flipHoriz=False, flipVert=False, font='Open Sans', fontFiles=[], height=0.1, italic=False, languageStyle='LTR', name='text_2', opacity=1, ori=0.0, pos=array([0., 0.]), rgb=UNKNOWN, text=str(...), units='height', win=Window(...), wrapWidth=1)
10.7963 	EXP 	text: autoDraw = True
17.5043 	EXP 	Created sequence: random, trialTypes=1, nReps=2, seed=None
17.5045 	EXP 	New trial (rep=0, index=0): None
18.5186 	DATA 	Keypress: space
18.5237 	EXP 	text: autoDraw = False
18.5237 	EXP 	polygon: autoDraw = True
25.5291 	EXP 	polygon: autoDraw = False
25.5291 	EXP 	polygon: autoDraw = False
25.5291 	EXP 	polygon_3: autoDraw = True
29.5287 	EXP 	polygon_3: autoDraw = False
29.5287 	EXP 	polygon_4: autoDraw = True
33.5296 	EXP 	polygon_4: autoDraw = False
33.5296 	EXP 	polygon_2: autoDraw = True
40.7483 	DATA 	Keypress: lshift
40.7529 	EXP 	polygon_2: autoDraw = False
40.7529 	EXP 	polygon_5: autoDraw = True
46.7443 	EXP 	New trial (rep=1, index=0): None
47.7514 	EXP 	polygon_5: autoDraw = False
47.7514 	EXP 	polygon_5: autoDraw = False
47.7514 	EXP 	polygon: autoDraw = True
52.7512 	EXP 	polygon: autoDraw = False
52.7512 	EXP 	polygon: autoDraw = False
52.7512 	EXP 	polygon_3: autoDraw = True
56.7526 	EXP 	polygon_3: autoDraw = False
56.7526 	EXP 	polygon_4: autoDraw = True
60.7534 	EXP 	polygon_4: autoDraw = False
60.7534 	EXP 	polygon_2: autoDraw = True
64.5521 	DATA 	Keypress: rshift
64.5566 	EXP 	polygon_2: autoDraw = False
64.5566 	EXP 	polygon_5: autoDraw = True
71.5589 	EXP 	polygon_5: autoDraw = False
71.5589 	EXP 	polygon_5: autoDraw = False
71.5589 	EXP 	text_2: autoDraw = True
78.8691 	EXP 	text_2: autoDraw = False
79.4317 	EXP 	window1: mouseVisible = True
