0.6724 	WARNING 	We strongly recommend you activate the PTB sound engine in PsychoPy prefs as the preferred audio engine. Its timing is vastly superior. Your prefs are currently set to use ['sounddevice', 'PTB', 'pyo', 'pygame'] (in that order).
5.3733 	WARNING 	User requested fullscreen with size [1024  768], but screen is actually [2560, 1440]. Using actual size
5.9611 	EXP 	Created window1 = Window(allowGUI=False, allowStencil=False, autoLog=True, backendConf=UNKNOWN, bitsMode=UNKNOWN, blendMode='avg', bpc=(8, 8, 8), color=array([0, 0, 0]), colorSpace='rgb', depthBits=8, fullscr=<method-wrapper '__getattribute__' of attributeSetter object at 0x7f89ffcc2b00>, gamma=None, gammaErrorPolicy='raise', lms=UNKNOWN, monitor=<psychopy.monitors.calibTools.Monitor object at 0x7f89e974a9e8>, multiSample=False, name='window1', numSamples=2, pos=[640.0, 360.0], screen=0, size=array([5120, 2880]), stencilBits=0, stereo=False, units='height', useFBO=True, useRetina=True, viewOri=0.0, viewPos=None, viewScale=None, waitBlanking=True, winType='pyglet')
5.9612 	EXP 	window1: mouseVisible = True
5.9613 	EXP 	window1: recordFrameIntervals = False
6.1271 	EXP 	window1: recordFrameIntervals = True
6.3106 	EXP 	window1: recordFrameIntervals = False
7.3168 	EXP 	Created text = TextStim(__class__=<class 'psychopy.visual.text.TextStim'>, alignHoriz=method-wrapper(...), alignText='center', alignVert=method-wrapper(...), anchorHoriz='center', anchorVert='center', antialias=True, autoLog=True, bold=False, color=array([1., 1., 1.]), colorSpace='rgb', contrast=1.0, depth=0.0, flipHoriz=False, flipVert=False, font='Open Sans', fontFiles=[], height=0.1, italic=False, languageStyle='LTR', name='text', opacity=1, ori=0.0, pos=array([0., 0.]), rgb=UNKNOWN, text=str(...), units='height', win=Window(...), wrapWidth=1)
9.4744 	EXP 	Created polygon = ShapeStim(__class__=<class 'psychopy.visual.shape.ShapeStim'>, autoDraw=False, autoLog=True, closeShape=True, color=method-wrapper(...), colorSpace='rgb', contrast=None, depth=0.0, fillColor=array([1, 1, 1]), fillColorSpace='rgb', fillRGB=array([1, 1, 1]), interpolate=True, lineColor=array([1., 1., 1.]), lineColorSpace='rgb', lineRGB=array([1, 1, 1]), lineWidth=0.3, name='polygon', opacity=1, ori=0.0, pos=array([0., 0.]), size=array([0.1, 0.1]), units='height', vertices=ndarray(...), win=Window(...), windingRule=None)
9.8523 	EXP 	Sound sound_1 set volume 1.000
9.8543 	EXP 	Created polygon_3 = ShapeStim(__class__=<class 'psychopy.visual.shape.ShapeStim'>, autoDraw=False, autoLog=True, closeShape=True, color=method-wrapper(...), colorSpace='rgb', contrast=None, depth=0.0, fillColor=array([1, 1, 1]), fillColorSpace='rgb', fillRGB=array([1, 1, 1]), interpolate=True, lineColor=array([1., 1., 1.]), lineColorSpace='rgb', lineRGB=array([1, 1, 1]), lineWidth=1.0, name='polygon_3', opacity=1, ori=0.0, pos=array([0., 0.]), size=array([0.1, 0.1]), units='height', vertices=ndarray(...), win=Window(...), windingRule=None)
9.8580 	EXP 	Sound sound_2 set volume 1.000
9.8599 	EXP 	Created polygon_4 = ShapeStim(__class__=<class 'psychopy.visual.shape.ShapeStim'>, autoDraw=False, autoLog=True, closeShape=True, color=method-wrapper(...), colorSpace='rgb', contrast=None, depth=0.0, fillColor=array([1, 1, 1]), fillColorSpace='rgb', fillRGB=array([1, 1, 1]), interpolate=True, lineColor=array([1., 1., 1.]), lineColorSpace='rgb', lineRGB=array([1, 1, 1]), lineWidth=1.0, name='polygon_4', opacity=1, ori=0.0, pos=array([0., 0.]), size=array([0.1, 0.1]), units='height', vertices=ndarray(...), win=Window(...), windingRule=None)
9.8600 	EXP 	Sound sound_3 set volume 1.000
9.8621 	EXP 	Created polygon_2 = ShapeStim(__class__=<class 'psychopy.visual.shape.ShapeStim'>, autoDraw=False, autoLog=True, closeShape=True, color=method-wrapper(...), colorSpace='rgb', contrast=None, depth=0.0, fillColor=array([1, 1, 1]), fillColorSpace='rgb', fillRGB=array([1, 1, 1]), interpolate=True, lineColor=array([1., 1., 1.]), lineColorSpace='rgb', lineRGB=array([1, 1, 1]), lineWidth=1.0, name='polygon_2', opacity=1, ori=0.0, pos=array([0., 0.]), size=array([0.1, 0.1]), units='height', vertices=ndarray(...), win=Window(...), windingRule=None)
9.9928 	EXP 	Sound sound_4 set volume 1.000
9.9948 	EXP 	Created polygon_5 = ShapeStim(__class__=<class 'psychopy.visual.shape.ShapeStim'>, autoDraw=False, autoLog=True, closeShape=True, color=method-wrapper(...), colorSpace='rgb', contrast=None, depth=-1.0, fillColor=array([1, 1, 1]), fillColorSpace='rgb', fillRGB=array([1, 1, 1]), interpolate=True, lineColor=array([1., 1., 1.]), lineColorSpace='rgb', lineRGB=array([1, 1, 1]), lineWidth=1.0, name='polygon_5', opacity=1, ori=0.0, pos=array([0., 0.]), size=array([0.1, 0.1]), units='height', vertices=ndarray(...), win=Window(...), windingRule=None)
9.9948 	EXP 	Sound sound_5 set volume 1.000
10.0064 	EXP 	Created text_2 = TextStim(__class__=<class 'psychopy.visual.text.TextStim'>, alignHoriz=method-wrapper(...), alignText='center', alignVert=method-wrapper(...), anchorHoriz='center', anchorVert='center', antialias=True, autoLog=True, bold=False, color=array([1., 1., 1.]), colorSpace='rgb', contrast=1.0, depth=0.0, flipHoriz=False, flipVert=False, font='Open Sans', fontFiles=[], height=0.1, italic=False, languageStyle='LTR', name='text_2', opacity=1, ori=0.0, pos=array([0., 0.]), rgb=UNKNOWN, text=str(...), units='height', win=Window(...), wrapWidth=1)
10.1390 	EXP 	text: autoDraw = True
12.2476 	EXP 	Created sequence: random, trialTypes=1, nReps=2, seed=None
12.2478 	EXP 	New trial (rep=0, index=0): None
12.2587 	DATA 	Keypress: space
12.2633 	EXP 	text: autoDraw = False
12.2633 	EXP 	polygon: autoDraw = True
17.2532 	EXP 	polygon: autoDraw = False
17.2532 	EXP 	polygon: autoDraw = False
17.2532 	EXP 	polygon_3: autoDraw = True
21.2560 	EXP 	polygon_3: autoDraw = False
21.2560 	EXP 	polygon_4: autoDraw = True
25.2562 	EXP 	polygon_4: autoDraw = False
25.2562 	EXP 	polygon_2: autoDraw = True
32.8213 	DATA 	Keypress: lshift
32.8264 	EXP 	polygon_2: autoDraw = False
32.8264 	EXP 	polygon_5: autoDraw = True
41.8215 	EXP 	New trial (rep=1, index=0): None
41.8375 	EXP 	polygon_5: autoDraw = False
41.8375 	EXP 	polygon_5: autoDraw = False
41.8375 	EXP 	polygon: autoDraw = True
48.8283 	EXP 	polygon: autoDraw = False
48.8283 	EXP 	polygon: autoDraw = False
48.8283 	EXP 	polygon_3: autoDraw = True
52.8307 	EXP 	polygon_3: autoDraw = False
52.8307 	EXP 	polygon_4: autoDraw = True
56.8320 	EXP 	polygon_4: autoDraw = False
56.8320 	EXP 	polygon_2: autoDraw = True
66.6476 	DATA 	Keypress: rshift
66.6518 	EXP 	polygon_2: autoDraw = False
66.6518 	EXP 	polygon_5: autoDraw = True
73.6544 	EXP 	polygon_5: autoDraw = False
73.6544 	EXP 	polygon_5: autoDraw = False
73.6544 	EXP 	text_2: autoDraw = True
77.3491 	DATA 	Keypress: space
77.3642 	EXP 	text_2: autoDraw = False
77.8945 	EXP 	window1: mouseVisible = True
